[35m[Appium][39m Welcome to Appium v1.22.3
[35m[Appium][39m Non-default server args:
[35m[Appium][39m   port: 61921
[35m[Appium][39m   loglevel: info
[35m[Appium][39m   tmpDir: C:\Users\User\AppData\Local\Temp\\Katalon\Appium\Temp1667629276594
[35m[Appium][39m   chromedriverPort: 61924
[35m[Appium][39m Deprecated server args:
[35m[Appium][39m   [31m--chromedriver-port[39m => --default-capabilities
[35m[Appium][39m Default capabilities, which will be added to each request unless overridden by desired capabilities:
[35m[Appium][39m   chromedriverPort: 61924
[35m[Appium][39m Appium REST http interface listener started on 0.0.0.0:61921
[35m[HTTP][39m [37m-->[39m [37mGET[39m [37m/wd/hub/status[39m
[35m[HTTP][39m [90m{}[39m
[35m[HTTP][39m [37m<-- GET /wd/hub/status [39m[32m200[39m [90m13 ms - 68[39m
[35m[HTTP][39m [90m[39m
[35m[HTTP][39m [37m-->[39m [37mGET[39m [37m/wd/hub/status[39m
[35m[HTTP][39m [90m{}[39m
[35m[HTTP][39m [37m<-- GET /wd/hub/status [39m[32m200[39m [90m2 ms - 68[39m
[35m[HTTP][39m [90m[39m
[35m[HTTP][39m [37m-->[39m [37mPOST[39m [37m/wd/hub/session[39m
[35m[HTTP][39m [90m{"desiredCapabilities":{"app":"C:\\Users\\User\\Downloads\\app-release.apk","noReset":true,"deviceName":"OPPO CPH1901 (Android 8.1.0)","fullReset":false,"platform":"ANDROID","newCommandTimeout":1800,"platformVersion":"8.1.0","automationName":"uiautomator2","autoGrantPermissions":true,"platformName":"Android","udid":"d1028813","systemPort":61932},"capabilities":{"firstMatch":[{"appium:app":"C:\\Users\\User\\Downloads\\app-release.apk","appium:autoGrantPermissions":true,"appium:automationName":"uiautomator2","appium:deviceName":"OPPO CPH1901 (Android 8.1.0)","appium:fullReset":false,"appium:newCommandTimeout":1800,"appium:noReset":true,"platform":"ANDROID","platformName":"android","appium:platformVersion":"8.1.0","appium:systemPort":61932,"appium:udid":"d1028813"}]}}[39m
[35m[BaseDriver][39m The following capabilities are not standard capabilities and should have an extension prefix:
[35m[BaseDriver][39m   platform
[35m[BaseDriver][39m   chromedriverPort
[35m[Appium][39m Appium v1.22.3 creating new AndroidUiautomator2Driver (v1.70.1) session
[35m[BaseDriver][39m The following capabilities were provided, but are not recognized by Appium:
[35m[BaseDriver][39m   platform
[35m[BaseDriver][39m Session created with session id: 19efa87d-eba7-434b-8d5c-f699a4af6e7c
[35m[BaseDriver][39m Using local app 'C:\Users\User\Downloads\app-release.apk'
[35m[ADB][39m Found 1 'build-tools' folders under 'C:\Users\User\.katalon\tools\android_sdk' (newest first):
[35m[ADB][39m     C:/Users/User/.katalon/tools/android_sdk/build-tools/29.0.3
[35m[ADB][39m Using 'adb.exe' from 'C:\Users\User\.katalon\tools\android_sdk\platform-tools\adb.exe'
[35m[AndroidDriver][39m Retrieving device list
[35m[AndroidDriver][39m Using device: d1028813
[35m[ADB][39m Using 'adb.exe' from 'C:\Users\User\.katalon\tools\android_sdk\platform-tools\adb.exe'
[35m[ADB][39m Package name: 'com.example.frontend_mobile'
[35m[ADB][39m Main activity name: 'com.example.frontend_mobile.MainActivity'
[35m[AndroidDriver][39m Unable to set mock location for app 'io.appium.settings': Error executing adbExec. Original error: 'Command 'C:\\Users\\User\\.katalon\\tools\\android_sdk\\platform-tools\\adb.exe -P 5037 -s d1028813 shell appops set io.appium.settings android\:mock_location allow' exited with code 255'; Command output: Security exception: uid 2000 does not have android.permission.UPDATE_APP_OPS_STATS.
[35m[AndroidDriver][39m 
[35m[AndroidDriver][39m java.lang.SecurityException: uid 2000 does not have android.permission.UPDATE_APP_OPS_STATS.
[35m[AndroidDriver][39m 	at android.app.ContextImpl.enforce(ContextImpl.java:1831)
[35m[AndroidDriver][39m 	at android.app.ContextImpl.enforcePermission(ContextImpl.java:1844)
[35m[AndroidDriver][39m 	at com.android.server.AppOpsService.setMode(AppOpsService.java:674)
[35m[AndroidDriver][39m 	at com.android.server.AppOpsService.onShellCommand(AppOpsService.java:2026)
[35m[AndroidDriver][39m 	at com.android.server.AppOpsService$Shell.onCommand(AppOpsService.java:1800)
[35m[AndroidDriver][39m 	at android.os.ShellCommand.exec(ShellCommand.java:96)
[35m[AndroidDriver][39m 	at com.android.server.AppOpsService.onShellCommand(AppOpsService.java:1974)
[35m[AndroidDriver][39m 	at android.os.Binder.shellCommand(Binder.java:594)
[35m[AndroidDriver][39m 	at android.os.Binder.onTransact(Binder.java:492)
[35m[AndroidDriver][39m 	at com.android.internal.app.IAppOpsService$Stub.onTransact(IAppOpsService.java:341)
[35m[AndroidDriver][39m 	at android.os.Binder.execTransact(Binder.java:697)
[35m[AndroidDriver][39m 
[35m[ADB][39m Using 'apksigner.jar' from 'C:\Users\User\.katalon\tools\android_sdk\build-tools\29.0.3\lib\apksigner.jar'
[35m[ADB][39m 'C:\Users\User\AppData\Roaming\npm\node_modules\appium\node_modules\appium-uiautomator2-server\apks\appium-uiautomator2-server-v4.27.0.apk' is signed with the default certificate
[35m[ADB][39m 'C:\Users\User\AppData\Roaming\npm\node_modules\appium\node_modules\appium-uiautomator2-server\apks\appium-uiautomator2-server-debug-androidTest.apk' is signed with the default certificate
[35m[UiAutomator2][39m Server packages are not going to be (re)installed
[35m[ADB][39m Adding packages ["io.appium.settings","io.appium.uiautomator2.server","io.appium.uiautomator2.server.test"] to Doze whitelist
[35m[ADB][39m 'C:\Users\User\Downloads\app-release.apk' is signed with a non-default certificate
[35m[ADB][39m The application at 'C:\Users\User\Downloads\app-release.apk' will not be cached, because the device under test has confirmed the support of streamed installs
[35m[ADB][39m The installation of 'app-release.apk' took 18697ms
[35m[UiAutomator2][39m Starting UIAutomator2 server 4.27.0
[35m[UiAutomator2][39m Using UIAutomator2 server from 'C:\Users\User\AppData\Roaming\npm\node_modules\appium\node_modules\appium-uiautomator2-server\apks\appium-uiautomator2-server-v4.27.0.apk' and test from 'C:\Users\User\AppData\Roaming\npm\node_modules\appium\node_modules\appium-uiautomator2-server\apks\appium-uiautomator2-server-debug-androidTest.apk'
[35m[UiAutomator2][39m Waiting up to 30000ms for UiAutomator2 to be online...
[35m[WD Proxy][39m socket hang up
[35m[WD Proxy][39m socket hang up
[35m[WD Proxy][39m socket hang up
[35m[WD Proxy][39m socket hang up
[35m[WD Proxy][39m socket hang up
[35m[WD Proxy][39m socket hang up
[35m[WD Proxy][39m socket hang up
[35m[WD Proxy][39m socket hang up
[35m[WD Proxy][39m socket hang up
[35m[WD Proxy][39m socket hang up
[35m[WD Proxy][39m socket hang up
[35m[WD Proxy][39m socket hang up
[35m[WD Proxy][39m socket hang up
[35m[WD Proxy][39m Determined the downstream protocol as 'W3C'
[35m[AndroidDriver][39m Screen already unlocked, doing nothing
[35m[UiAutomator2][39m Starting 'com.example.frontend_mobile/com.example.frontend_mobile.MainActivity and waiting for 'com.example.frontend_mobile/com.example.frontend_mobile.MainActivity'
[35m[Appium][39m New AndroidUiautomator2Driver session created successfully, session 19efa87d-eba7-434b-8d5c-f699a4af6e7c added to master session list
[35m[HTTP][39m [37m<-- POST /wd/hub/session [39m[32m200[39m [90m47372 ms - 1232[39m
[35m[HTTP][39m [90m[39m
[35m[HTTP][39m [37m-->[39m [37mGET[39m [37m/wd/hub/session/19efa87d-eba7-434b-8d5c-f699a4af6e7c[39m
[35m[HTTP][39m [90m{}[39m
[35m[HTTP][39m [37m<-- GET /wd/hub/session/19efa87d-eba7-434b-8d5c-f699a4af6e7c [39m[32m200[39m [90m60 ms - 1186[39m
[35m[HTTP][39m [90m[39m
[35m[HTTP][39m [37m-->[39m [37mGET[39m [37m/wd/hub/session/19efa87d-eba7-434b-8d5c-f699a4af6e7c[39m
[35m[HTTP][39m [90m{}[39m
[35m[HTTP][39m [37m<-- GET /wd/hub/session/19efa87d-eba7-434b-8d5c-f699a4af6e7c [39m[32m200[39m [90m37 ms - 1186[39m
[35m[HTTP][39m [90m[39m
[35m[HTTP][39m [37m-->[39m [37mGET[39m [37m/wd/hub/status[39m
[35m[HTTP][39m [90m{}[39m
[35m[HTTP][39m [37m<-- GET /wd/hub/status [39m[32m200[39m [90m4 ms - 68[39m
[35m[HTTP][39m [90m[39m
[35m[HTTP][39m [37m-->[39m [37mPOST[39m [37m/wd/hub/session/19efa87d-eba7-434b-8d5c-f699a4af6e7c/timeouts[39m
[35m[HTTP][39m [90m{"implicit":60000}[39m
[35m[HTTP][39m [37m<-- POST /wd/hub/session/19efa87d-eba7-434b-8d5c-f699a4af6e7c/timeouts [39m[32m200[39m [90m8 ms - 14[39m
[35m[HTTP][39m [90m[39m
[35m[HTTP][39m [37m-->[39m [37mGET[39m [37m/wd/hub/session/19efa87d-eba7-434b-8d5c-f699a4af6e7c/source[39m
[35m[HTTP][39m [90m{}[39m
[35m[W3C (19efa87d)][39m Driver proxy active, passing request on via HTTP proxy
[35m[WD Proxy][39m Replacing sessionId 4aef7410-b43f-4efa-b1ce-cf791abb2b10 with 19efa87d-eba7-434b-8d5c-f699a4af6e7c
[35m[HTTP][39m [37m<-- GET /wd/hub/session/19efa87d-eba7-434b-8d5c-f699a4af6e7c/source [39m[32m200[39m [90m608 ms - 16201[39m
[35m[HTTP][39m [90m[39m
[35m[HTTP][39m [37m-->[39m [37mGET[39m [37m/wd/hub/session/19efa87d-eba7-434b-8d5c-f699a4af6e7c/screenshot[39m
[35m[HTTP][39m [90m{}[39m
[35m[HTTP][39m [37m<-- GET /wd/hub/session/19efa87d-eba7-434b-8d5c-f699a4af6e7c/screenshot [39m[32m200[39m [90m1076 ms - 123642[39m
[35m[HTTP][39m [90m[39m
[35m[HTTP][39m [37m-->[39m [37mPOST[39m [37m/wd/hub/session/19efa87d-eba7-434b-8d5c-f699a4af6e7c/elements[39m
[35m[HTTP][39m [90m{"using":"xpath","value":"//*[@class = 'android.widget.Button' and @resource-id = '' and (@text = '' or . = '')]"}[39m
[35m[HTTP][39m [37m<-- POST /wd/hub/session/19efa87d-eba7-434b-8d5c-f699a4af6e7c/elements [39m[32m200[39m [90m1715 ms - 779[39m
[35m[HTTP][39m [90m[39m
[35m[HTTP][39m [37m-->[39m [37mPOST[39m [37m/wd/hub/session/19efa87d-eba7-434b-8d5c-f699a4af6e7c/elements[39m
[35m[HTTP][39m [90m{"using":"-android uiautomator","value":"new UiSelector().className(\"android.widget.Button\").resourceId(\"\")"}[39m
[35m[HTTP][39m [37m<-- POST /wd/hub/session/19efa87d-eba7-434b-8d5c-f699a4af6e7c/elements [39m[32m200[39m [90m319 ms - 779[39m
[35m[HTTP][39m [90m[39m
[35m[HTTP][39m [37m-->[39m [37mGET[39m [37m/wd/hub/session/19efa87d-eba7-434b-8d5c-f699a4af6e7c/window/rect[39m
[35m[HTTP][39m [90m{}[39m
[35m[HTTP][39m [37m<-- GET /wd/hub/session/19efa87d-eba7-434b-8d5c-f699a4af6e7c/window/rect [39m[32m200[39m [90m68 ms - 49[39m
[35m[HTTP][39m [90m[39m
[35m[HTTP][39m [37m-->[39m [37mPOST[39m [37m/wd/hub/session/19efa87d-eba7-434b-8d5c-f699a4af6e7c/elements[39m
[35m[HTTP][39m [90m{"using":"xpath","value":"//hierarchy/android.widget.FrameLayout[1]/android.widget.LinearLayout[1]/android.widget.FrameLayout[1]/android.widget.FrameLayout[1]/android.view.View[1]/android.view.View[1]/android.view.View[1]/android.view.View[1]/android.view.View[1]/android.widget.Button[1]"}[39m
[35m[HTTP][39m [37m<-- POST /wd/hub/session/19efa87d-eba7-434b-8d5c-f699a4af6e7c/elements [39m[32m200[39m [90m385 ms - 139[39m
[35m[HTTP][39m [90m[39m
[35m[HTTP][39m [37m-->[39m [37mGET[39m [37m/wd/hub/session/19efa87d-eba7-434b-8d5c-f699a4af6e7c/element/0000[35m[BaseDriver][39m Shutting down because we waited 1800 seconds for a command
[35m[Appium][39m Closing session, cause was 'New Command Timeout of 1800 seconds expired. Try customizing the timeout using the 'newCommandTimeout' desired capability'
[35m[Appium][39m Removing session '6c3d92c3-b166-4e95-b6bd-4dd56a2520ee' from our master session list
[35m[UiAutomator2][39m Did not get confirmation UiAutomator2 deleteSession worked; Error was: UnknownError: An unknown server-side error occurred while processing the command. Original error: 'DELETE /' cannot be proxied to UiAutomator2 server because the instrumentation process is not running (probably crashed). Check the server log and/or the logcat output for more details
9m [37m<-- POST /wd/hub/session/19efa87d-eba7-434b-8d5c-f699a4af6e7c/element/00000000-0000-0afd-0000-000700000000/click [39m[32m200[39m [90m72 ms - 14[39m
[35m[HTTP][39m [90m[39m
[35m[HTTP][39m [37m-->[39m [37mGET[39m [37m/wd/hub/session/19efa87d-eba7-434b-8d5c-f699a4af6e7c/source[39m
[35m[HTTP][39m [90m{}[39m
[35m[W3C (19efa87d)][39m Driver proxy active, passing request on via HTTP proxy
[35m[WD Proxy][39m Replacing sessionId 4aef7410-b43f-4efa-b1ce-cf791abb2b10 with 19efa87d-eba7-434b-8d5c-f699a4af6e7c
[35m[HTTP][39m [37m<-- GET /wd/hub/session/19efa87d-eba7-434b-8d5c-f699a4af6e7c/source [39m[32m200[39m [90m247 ms - 7008[39m
[35m[HTTP][39m [90m[39m
[35m[HTTP][39m [37m-->[39m [37mGET[39m [37m/wd/hub/session/19efa87d-eba7-434b-8d5c-f699a4af6e7c/screenshot[39m
[35m[HTTP][39m [90m{}[39m
[35m[HTTP][39m [37m<-- GET /wd/hub/session/19efa87d-eba7-434b-8d5c-f699a4af6e7c/screenshot [39m[32m200[39m [90m661 ms - 48106[39m
[35m[HTTP][39m [90m[39m
[35m[HTTP][39m [37m-->[39m [37mPOST[39m [37m/wd/hub/session/19efa87d-eba7-434b-8d5c-f699a4af6e7c/elements[39m
[35m[HTTP][39m [90m{"using":"xpath","value":"//*[@class = 'android.widget.EditText' and (@text = 'Email' or . = 'Email') and @resource-id = '']"}[39m
[35m[HTTP][39m [37m<-- POST /wd/hub/session/19efa87d-eba7-434b-8d5c-f699a4af6e7c/elements [39m[32m200[39m [90m351 ms - 139[39m
[35m[HTTP][39m [90m[39m
[35m[HTTP][39m [37m-->[39m [37mGET[39m [37m/wd/hub/session/19efa87d-eba7-434b-8d5c-f699a4af6e7c/window/rect[39m
[35m[HTTP][39m [90m{}[39m
[35m[HTTP][39m [37m<-- GET /wd/hub/session/19efa87d-eba7-434b-8d5c-f699a4af6e7c/window/rect [39m[32m200[39m [90m56 ms - 49[39m
[35m[HTTP][39m [90m[39m
[35m[HTTP][39m [37m-->[39m [37mPOST[39m [37m/wd/hub/session/19efa87d-eba7-434b-8d5c-f699a4af6e7c/elements[39m
[35m[HTTP][39m [90m{"using":"xpath","value":"//*[@class = 'android.widget.EditText' and (@text = 'Email' or . = 'Email') and @resource-id = '']"}[39m
[35m[HTTP][39m [37m<-- POST /wd/hub/session/19efa87d-eba7-434b-8d5c-f699a4af6e7c/elements [39m[32m200[39m [90m298 ms - 139[39m
[35m[HTTP][39m [90m[39m
[35m[HTTP][39m [37m-->[39m [37mGET[39m [37m/wd/hub/session/19efa87d-eba7-434b-8d5c-f699a4af6e7c/element/00000000-0000-0afd-0000-002b00000000/location[39m
[35m[HTTP][39m [90m{}[39m
[35m[W3C (19efa87d)][39m Driver proxy active, passing request on via HTTP proxy
[35m[WD Proxy][39m Replacing sessionId 4aef7410-b43f-4efa-b1ce-cf791abb2b10 with 19efa87d-eba7-434b-8d5c-f699a4af6e7c
[35m[HTTP][39m [37m<-- GET /wd/hub/session/19efa87d-eba7-434b-8d5c-f699a4af6e7c/element/00000000-0000-0afd-0000-002b00000000/location [39m[32m200[39m [90m56 ms - 77[39m
[35m[HTTP][39m [90m[39m
[35m[HTTP][39m [37m-->[39m [37mPOST[39m [37m/wd/hub/session/19efa87d-eba7-434b-8d5c-f699a4af6e7c/element/00000000-0000-0afd-0000-002b00000000/click[39m
[35m[HTTP][39m [90m{"id":"00000000-0000-0afd-0000-002b00000000"}[39m
[35m[HTTP][39m [37m<-- POST /wd/hub/session/19efa87d-eba7-434b-8d5c-f699a4af6e7c/element/00000000-0000-0afd-0000-002b00000000/click [39m[32m200[39m [90m75 ms - 14[39m
[35m[HTTP][39m [90m[39m
[35m[HTTP][39m [37m-->[39m [37mGET[39m [37m/wd/hub/session/19efa87d-eba7-434b-8d5c-f699a4af6e7c/source[39m
[35m[HTTP][39m [90m{}[39m
[35m[W3C (19efa87d)][39m Driver proxy active, passing request on via HTTP proxy
[35m[WD Proxy][39m Replacing sessionId 4aef7410-b43f-4efa-b1ce-cf791abb2b10 with 19efa87d-eba7-434b-8d5c-f699a4af6e7c
[35m[HTTP][39m [37m<-- GET /wd/hub/session/19efa87d-eba7-434b-8d5c-f699a4af6e7c/source [39m[32m200[39m [90m306 ms - 7007[39m
[35m[HTTP][39m [90m[39m
[35m[HTTP][39m [37m-->[39m [37mGET[39m [37m/wd/hub/session/19efa87d-eba7-434b-8d5c-f699a4af6e7c/screenshot[39m
[35m[HTTP][39m [90m{}[39m
[35m[HTTP][39m [37m<-- GET /wd/hub/session/19efa87d-eba7-434b-8d5c-f699a4af6e7c/screenshot [39m[32m200[39m [90m941 ms - 106516[39m
[35m[HTTP][39m [90m[39m
[35m[HTTP][39m [37m-->[39m [37mPOST[39m [37m/wd/hub/session/19efa87d-eba7-434b-8d5c-f699a4af6e7c/elements[39m
[35m[HTTP][39m [90m{"using":"xpath","value":"//*[@class = 'android.widget.EditText' and (@text = 'Email' or . = 'Email') and @resource-id = '']"}[39m
[35m[HTTP][39m [37m<-- POST /wd/hub/session/19efa87d-eba7-434b-8d5c-f699a4af6e7c/elements [39m[32m200[39m [90m373 ms - 139[39m
[35m[HTTP][39m [90m[39m
[35m[HTTP][39m [37m-->[39m [37mGET[39m [37m/wd/hub/session/19efa87d-eba7-434b-8d5c-f699a4af6e7c/window/rect[39m
[35m[HTTP][39m [90m{}[39m
[35m[HTTP][39m [37m<-- GET /wd/hub/session/19efa87d-eba7-434b-8d5c-f699a4af6e7c/window/rect [39m[32m200[39m [90m52 ms - 49[39m
[35m[HTTP][39m [90m[39m
[35m[HTTP][39m [37m-->[39m [37mPOST[39m [37m/wd/hub/session/19efa87d-eba7-434b-8d5c-f699a4af6e7c/elements[39m
[35m[HTTP][39m [90m{"using":"xpath","value":"//*[@class = 'android.widget.EditText' and (@text = 'Email' or . = 'Email') and @resource-id = '']"}[39m
[35m[HTTP][39m [37m<-- POST /wd/hub/session/19efa87d-eba7-434b-8d5c-f699a4af6e7c/elements [39m[32m200[39m [90m306 ms - 139[39m
[35m[HTTP][39m [90m[39m
[35m[HTTP][39m [37m-->[39m [37mGET[39m [37m/wd/hub/session/19efa87d-eba7-434b-8d5c-f699a4af6e7c/element/00000000-0000-0afd-0000-002b00000000/location[39m
[35m[HTTP][39m [90m{}[39m
[35m[W3C (19efa87d)][39m Driver proxy active, passing request on via HTTP proxy
[35m[WD Proxy][39m Replacing sessionId 4aef7410-b43f-4efa-b1ce-cf791abb2b10 with 19efa87d-eba7-434b-8d5c-f699a4af6e7c
[35m[HTTP][39m [37m<-- GET /wd/hub/session/19efa87d-eba7-434b-8d5c-f699a4af6e7c/element/00000000-0000-0afd-0000-002b00000000/location [39m[32m200[39m [90m61 ms - 77[39m
[35m[HTTP][39m [90m[39m
[35m[HTTP][39m [37m-->[39m [37mPOST[39m [37m/wd/hub/session/19efa87d-eba7-434b-8d5c-f699a4af6e7c/element/00000000-0000-0afd-0000-002b00000000/clear[39m
[35m[HTTP][39m [90m{"id":"00000000-0000-0afd-0000-002b00000000"}[39m
[35m[HTTP][39m [37m<-- POST /wd/hub/session/19efa87d-eba7-434b-8d5c-f699a4af6e7c/element/00000000-0000-0afd-0000-002b00000000/clear [39m[32m200[39m [90m68 ms - 14[39m
[35m[HTTP][39m [90m[39m
[35m[HTTP][39m [37m-->[39m [37mPOST[39m [37m/wd/hub/session/19efa87d-eba7-434b-8d5c-f699a4af6e7c/element/00000000-0000-0afd-0000-002b00000000/value[39m
[35m[HTTP][39m [90m{"id":"00000000-0000-0afd-0000-002b00000000","text":"queen123@email.com","value":["q","u","e","e","n","1","2","3","@","e","m","a","i","l",".","c","o","m"]}[39m
[35m[HTTP][39m [37m<-- POST /wd/hub/session/19efa87d-eba7-434b-8d5c-f699a4af6e7c/element/00000000-0000-0afd-0000-002b00000000/value [39m[32m200[39m [90m91 ms - 14[39m
[35m[HTTP][39m [90m[39m
[35m[HTTP][39m [37m-->[39m [37mGET[39m [37m/wd/hub/session/19efa87d-eba7-434b-8d5c-f699a4af6e7c/source[39m
[35m[HTTP][39m [90m{}[39m
[35m[W3C (19efa87d)][39m Driver proxy active, passing request on via HTTP proxy
[35m[WD Proxy][39m Replacing sessionId 4aef7410-b43f-4efa-b1ce-cf791abb2b10 with 19efa87d-eba7-434b-8d5c-f699a4af6e7c
[35m[HTTP][39m [37m<-- GET /wd/hub/session/19efa87d-eba7-434b-8d5c-f699a4af6e7c/source [39m[32m200[39m [90m814 ms - 7027[39m
[35m[HTTP][39m [90m[39m
[35m[HTTP][39m [37m-->[39m [37mGET[39m [37m/wd/hub/session/19efa87d-eba7-434b-8d5c-f699a4af6e7c/screenshot[39m
[35m[HTTP][39m [90m{}[39m
[35m[HTTP][39m [37m<-- GET /wd/hub/session/19efa87d-eba7-434b-8d5c-f699a4af6e7c/screenshot [39m[32m200[39m [90m761 ms - 116582[39m
[35m[HTTP][39m [90m[39m
[35m[HTTP][39m [37m-->[39m [37mPOST[39m [37m/wd/hub/session/19efa87d-eba7-434b-8d5c-f699a4af6e7c/elements[39m
[35m[HTTP][39m [90m{"using":"xpath","value":"//*[@class = 'android.widget.EditText' and (@text = 'Password' or . = 'Password') and @resource-id = '']"}[39m
[35m[HTTP][39m [37m<-- POST /wd/hub/session/19efa87d-eba7-434b-8d5c-f699a4af6e7c/elements [39m[32m200[39m [90m280 ms - 139[39m
[35m[HTTP][39m [90m[39m
[35m[HTTP][39m [37m-->[39m [37mGET[39m [37m/wd/hub/session/19efa87d-eba7-434b-8d5c-f699a4af6e7c/window/rect[39m
[35m[HTTP][39m [90m{}[39m
[35m[HTTP][39m [37m<-- GET /wd/hub/session/19efa87d-eba7-434b-8d5c-f699a4af6e7c/window/rect [39m[32m200[39m [90m42 ms - 49[39m
[35m[HTTP][39m [90m[39m
[35m[HTTP][39m [37m-->[39m [37mPOST[39m [37m/wd/hub/session/19efa87d-eba7-434b-8d5c-f699a4af6e7c/elements[39m
[35m[HTTP][39m [90m{"using":"xpath","value":"//*[@class = 'android.widget.EditText' and (@text = 'Password' or . = 'Password') and @resource-id = '']"}[39m
[35m[HTTP][39m [37m<-- POST /wd/hub/session/19efa87d-eba7-434b-8d5c-f699a4af6e7c/elements [39m[32m200[39m [90m275 ms - 139[39m
[35m[HTTP][39m [90m[39m
[35m[HTTP][39m [37m-->[39m [37mGET[39m [37m/wd/hub/session/19efa87d-eba7-434b-8d5c-f699a4af6e7c/element/00000000-0000-0afd-0000-002c00000000/location[39m
[35m[HTTP][39m [90m{}[39m
[35m[W3C (19efa87d)][39m Driver proxy active, passing request on via HTTP proxy
[35m[WD Proxy][39m Replacing sessionId 4aef7410-b43f-4efa-b1ce-cf791abb2b10 with 19efa87d-eba7-434b-8d5c-f699a4af6e7c
[35m[HTTP][39m [37m<-- GET /wd/hub/session/19efa87d-eba7-434b-8d5c-f699a4af6e7c/element/00000000-0000-0afd-0000-002c00000000/location [39m[32m200[39m [90m41 ms - 77[39m
[35m[HTTP][39m [90m[39m
[35m[HTTP][39m [37m-->[39m [37mPOST[39m [37m/wd/hub/session/19efa87d-eba7-434b-8d5c-f699a4af6e7c/element/00000000-0000-0afd-0000-002c00000000/click[39m
[35m[HTTP][39m [90m{"id":"00000000-0000-0afd-0000-002c00000000"}[39m
[35m[HTTP][39m [37m<-- POST /wd/hub/session/19efa87d-eba7-434b-8d5c-f699a4af6e7c/element/00000000-0000-0afd-0000-002c00000000/click [39m[32m200[39m [90m62 ms - 14[39m
[35m[HTTP][39m [90m[39m
[35m[HTTP][39m [37m-->[39m [37mGET[39m [37m/wd/hub/session/19efa87d-eba7-434b-8d5c-f699a4af6e7c/source[39m
[35m[HTTP][39m [90m{}[39m
[35m[W3C (19efa87d)][39m Driver proxy active, passing request on via HTTP proxy
[35m[WD Proxy][39m Replacing sessionId 4aef7410-b43f-4efa-b1ce-cf791abb2b10 with 19efa87d-eba7-434b-8d5c-f699a4af6e7c
[35m[HTTP][39m [37m<-- GET /wd/hub/session/19efa87d-eba7-434b-8d5c-f699a4af6e7c/source [39m[32m200[39m [90m253 ms - 7027[39m
[35m[HTTP][39m [90m[39m
[35m[HTTP][39m [37m-->[39m [37mGET[39m [37m/wd/hub/session/19efa87d-eba7-434b-8d5c-f699a4af6e7c/screenshot[39m
[35m[HTTP][39m [90m{}[39m
[35m[HTTP][39m [37m<-- GET /wd/hub/session/19efa87d-eba7-434b-8d5c-f699a4af6e7c/screenshot [39m[32m200[39m [90m722 ms - 112176[39m
[35m[HTTP][39m [90m[39m
[35m[HTTP][39m [37m-->[39m [37mPOST[39m [37m/wd/hub/session/19efa87d-eba7-434b-8d5c-f699a4af6e7c/elements[39m
[35m[HTTP][39m [90m{"using":"xpath","value":"//*[@class = 'android.widget.EditText' and (@text = 'Password' or . = 'Password') and @resource-id = '']"}[39m
[35m[HTTP][39m [37m<-- POST /wd/hub/session/19efa87d-eba7-434b-8d5c-f699a4af6e7c/elements [39m[32m200[39m [90m251 ms - 139[39m
[35m[HTTP][39m [90m[39m
[35m[HTTP][39m [37m-->[39m [37mGET[39m [37m/wd/hub/session/19efa87d-eba7-434b-8d5c-f699a4af6e7c/window/rect[39m
[35m[HTTP][39m [90m{}[39m
[35m[HTTP][39m [37m<-- GET /wd/hub/session/19efa87d-eba7-434b-8d5c-f699a4af6e7c/window/rect [39m[32m200[39m [90m56 ms - 49[39m
[35m[HTTP][39m [90m[39m
[35m[HTTP][39m [37m-->[39m [37mPOST[39m [37m/wd/hub/session/19efa87d-eba7-434b-8d5c-f699a4af6e7c/elements[39m
[35m[HTTP][39m [90m{"using":"xpath","value":"//*[@class = 'android.widget.EditText' and (@text = 'Password' or . = 'Password') and @resource-id = '']"}[39m
[35m[HTTP][39m [37m<-- POST /wd/hub/session/19efa87d-eba7-434b-8d5c-f699a4af6e7c/elements [39m[32m200[39m [90m273 ms - 139[39m
[35m[HTTP][39m [90m[39m
[35m[HTTP][39m [37m-->[39m [37mGET[39m [37m/wd/hub/session/19efa87d-eba7-434b-8d5c-f699a4af6e7c/element/00000000-0000-0afd-0000-002c00000000/location[39m
[35m[HTTP][39m [90m{}[39m
[35m[W3C (19efa87d)][39m Driver proxy active, passing request on via HTTP proxy
[35m[WD Proxy][39m Replacing sessionId 4aef7410-b43f-4efa-b1ce-cf791abb2b10 with 19efa87d-eba7-434b-8d5c-f699a4af6e7c
[35m[HTTP][39m [37m<-- GET /wd/hub/session/19efa87d-eba7-434b-8d5c-f699a4af6e7c/element/00000000-0000-0afd-0000-002c00000000/location [39m[32m200[39m [90m54 ms - 77[39m
[35m[HTTP][39m [90m[39m
[35m[HTTP][39m [37m-->[39m [37mPOST[39m [37m/wd/hub/session/19efa87d-eba7-434b-8d5c-f699a4af6e7c/element/00000000-0000-0afd-0000-002c00000000/clear[39m
[35m[HTTP][39m [90m{"id":"00000000-0000-0afd-0000-002c00000000"}[39m
[35m[HTTP][39m [37m<-- POST /wd/hub/session/19efa87d-eba7-434b-8d5c-f699a4af6e7c/element/00000000-0000-0afd-0000-002c00000000/clear [39m[32m200[39m [90m59 ms - 14[39m
[35m[HTTP][39m [90m[39m
[35m[HTTP][39m [37m-->[39m [37mPOST[39m [37m/wd/hub/session/19efa87d-eba7-434b-8d5c-f699a4af6e7c/element/00000000-0000-0afd-0000-002c00000000/value[39m
[35m[HTTP][39m [90m{"id":"00000000-0000-0afd-0000-002c00000000","text":"123456","value":["1","2","3","4","5","6"]}[39m
[35m[HTTP][39m [37m<-- POST /wd/hub/session/19efa87d-eba7-434b-8d5c-f699a4af6e7c/element/00000000-0000-0afd-0000-002c00000000/value [39m[32m200[39m [90m927 ms - 14[39m
[35m[HTTP][39m [90m[39m
[35m[HTTP][39m [37m-->[39m [37mGET[39m [37m/wd/hub/session/19efa87d-eba7-434b-8d5c-f699a4af6e7c/source[39m
[35m[HTTP][39m [90m{}[39m
[35m[W3C (19efa87d)][39m Driver proxy active, passing request on via HTTP proxy
[35m[WD Proxy][39m Replacing sessionId 4aef7410-b43f-4efa-b1ce-cf791abb2b10 with 19efa87d-eba7-434b-8d5c-f699a4af6e7c
[35m[HTTP][39m [37m<-- GET /wd/hub/session/19efa87d-eba7-434b-8d5c-f699a4af6e7c/source [39m[32m200[39m [90m181 ms - 7035[39m
[35m[HTTP][39m [90m[39m
[35m[HTTP][39m [37m-->[39m [37mGET[39m [37m/wd/hub/session/19efa87d-eba7-434b-8d5c-f699a4af6e7c/screenshot[39m
[35m[HTTP][39m [90m{}[39m
[35m[HTTP][39m [37m<-- GET /wd/hub/session/19efa87d-eba7-434b-8d5c-f699a4af6e7c/screenshot [39m[32m200[39m [90m720 ms - 115904[39m
[35m[HTTP][39m [90m[39m
[35m[HTTP][39m [37m-->[39m [37mPOST[39m [37m/wd/hub/session/19efa87d-eba7-434b-8d5c-f699a4af6e7c/elements[39m
[35m[HTTP][39m [90m{"using":"xpath","value":"//*[@class = 'android.widget.Button' and @resource-id = '' and (@text = '' or . = '')]"}[39m
[35m[HTTP][39m [37m<-- POST /wd/hub/session/19efa87d-eba7-434b-8d5c-f699a4af6e7c/elements [39m[32m200[39m [90m242 ms - 395[39m
[35m[HTTP][39m [90m[39m
[35m[HTTP][39m [37m-->[39m [37mPOST[39m [37m/wd/hub/session/19efa87d-eba7-434b-8d5c-f699a4af6e7c/elements[39m
[35m[HTTP][39m [90m{"using":"accessibility id","value":"Login"}[39m
[35m[HTTP][39m [37m<-- POST /wd/hub/session/19efa87d-eba7-434b-8d5c-f699a4af6e7c/elements [39m[32m200[39m [90m70 ms - 267[39m
[35m[HTTP][39m [90m[39m
[35m[HTTP][39m [37m-->[39m [37mPOST[39m [37m/wd/hub/session/19efa87d-eba7-434b-8d5c-f699a4af6e7c/elements[39m
[35m[HTTP][39m [90m{"using":"-android uiautomator","value":"new UiSelector().className(\"android.widget.Button\").resourceId(\"\")"}[39m
[35m[HTTP][39m [37m<-- POST /wd/hub/session/19efa87d-eba7-434b-8d5c-f699a4af6e7c/elements [39m[32m200[39m [90m116 ms - 395[39m
[35m[HTTP][39m [90m[39m
[35m[HTTP][39m [37m-->[39m [37mGET[39m [37m/wd/hub/session/19efa87d-eba7-434b-8d5c-f699a4af6e7c/window/rect[39m
[35m[HTTP][39m [90m{}[39m
[35m[HTTP][39m [37m<-- GET /wd/hub/session/19efa87d-eba7-434b-8d5c-f699a4af6e7c/window/rect [39m[32m200[39m [90m47 ms - 49[39m
[35m[HTTP][39m [90m[39m
[35m[HTTP][39m [37m-->[39m [37mPOST[39m [37m/wd/hub/session/19efa87d-eba7-434b-8d5c-f699a4af6e7c/elements[39m
[35m[HTTP][39m [90m{"using":"xpath","value":"//hierarchy/android.widget.FrameLayout[1]/android.widget.LinearLayout[1]/android.widget.FrameLayout[1]/android.widget.FrameLayout[1]/android.view.View[1]/android.view.View[1]/android.view.View[1]/android.view.View[1]/android.widget.Button[1]"}[39m
[35m[HTTP][39m [37m<-- POST /wd/hub/session/19efa87d-eba7-434b-8d5c-f699a4af6e7c/elements [39m[32m200[39m [90m181 ms - 139[39m
[35m[HTTP][39m [90m[39m
[35m[HTTP][39m [37m-->[39m [37mGET[39m [37m/wd/hub/session/19efa87d-eba7-434b-8d5c-f699a4af6e7c/element/00000000-0000-0afd-0000-002d00000000/location[39m
[35m[HTTP][39m [90m{}[39m
[35m[W3C (19efa87d)][39m Driver proxy active, passing request on via HTTP proxy
[35m[WD Proxy][39m Replacing sessionId 4aef7410-b43f-4efa-b1ce-cf791abb2b10 with 19efa87d-eba7-434b-8d5c-f699a4af6e7c
[35m[HTTP][39m [37m<-- GET /wd/hub/session/19efa87d-eba7-434b-8d5c-f699a4af6e7c/element/00000000-0000-0afd-0000-002d00000000/location [39m[32m200[39m [90m71 ms - 78[39m
[35m[HTTP][39m [90m[39m
[35m[HTTP][39m [37m-->[39m [37mPOST[39m [37m/wd/hub/session/19efa87d-eba7-434b-8d5c-f699a4af6e7c/element/00000000-0000-0afd-0000-002d00000000/click[39m
[35m[HTTP][39m [90m{"id":"00000000-0000-0afd-0000-002d00000000"}[39m
[35m[HTTP][39m [37m<-- POST /wd/hub/session/19efa87d-eba7-434b-8d5c-f699a4af6e7c/element/00000000-0000-0afd-0000-002d00000000/click [39m[32m200[39m [90m62 ms - 14[39m
[35m[HTTP][39m [90m[39m
[35m[HTTP][39m [37m-->[39m [37mGET[39m [37m/wd/hub/session/19efa87d-eba7-434b-8d5c-f699a4af6e7c/source[39m
[35m[HTTP][39m [90m{}[39m
[35m[W3C (19efa87d)][39m Driver proxy active, passing request on via HTTP proxy
[35m[WD Proxy][39m Replacing sessionId 4aef7410-b43f-4efa-b1ce-cf791abb2b10 with 19efa87d-eba7-434b-8d5c-f699a4af6e7c
[35m[HTTP][39m [37m<-- GET /wd/hub/session/19efa87d-eba7-434b-8d5c-f699a4af6e7c/source [39m[32m200[39m [90m162 ms - 7035[39m
[35m[HTTP][39m [90m[39m
[35m[HTTP][39m [37m-->[39m [37mGET[39m [37m/wd/hub/session/19efa87d-eba7-434b-8d5c-f699a4af6e7c/screenshot[39m
[35m[HTTP][39m [90m{}[39m
[35m[HTTP][39m [37m<-- GET /wd/hub/session/19efa87d-eba7-434b-8d5c-f699a4af6e7c/screenshot [39m[32m200[39m [90m767 ms - 115938[39m
[35m[HTTP][39m [90m[39m
[35m[HTTP][39m [37m-->[39m [37mPOST[39m [37m/wd/hub/session/19efa87d-eba7-434b-8d5c-f699a4af6e7c/elements[39m
[35m[HTTP][39m [90m{"using":"xpath","value":"//*[@class = 'android.widget.Button' and @resource-id = '' and (@text = '' or . = '')]"}[39m
[35m[HTTP][39m [37m<-- POST /wd/hub/session/19efa87d-eba7-434b-8d5c-f699a4af6e7c/elements [39m[32m200[39m [90m721 ms - 779[39m
[35m[HTTP][39m [90m[39m
[35m[HTTP][39m [37m-->[39m [37mPOST[39m [37m/wd/hub/session/19efa87d-eba7-434b-8d5c-f699a4af6e7c/elements[39m
[35m[HTTP][39m [90m{"using":"accessibility id","value":"Login"}[39m
[35m[HTTP][39m [37m<-- POST /wd/hub/session/19efa87d-eba7-434b-8d5c-f699a4af6e7c/elements [39m[32m200[39m [90m60143 ms - 12[39m
[35m[HTTP][39m [90m[39m
[35m[HTTP][39m [37m-->[39m [37mPOST[39m [37m/wd/hub/session/19efa87d-eba7-434b-8d5c-f699a4af6e7c/elements[39m
[35m[HTTP][39m [90m{"using":"-android uiautomator","value":"new UiSelector().className(\"android.widget.Button\").resourceId(\"\")"}[39m
[35m[HTTP][39m [37m<-- POST /wd/hub/session/19efa87d-eba7-434b-8d5c-f699a4af6e7c/elements [39m[32m200[39m [90m262 ms - 779[39m
[35m[HTTP][39m [90m[39m
[35m[HTTP][39m [37m-->[39m [37mGET[39m [37m/wd/hub/session/19efa87d-eba7-434b-8d5c-f699a4af6e7c/window/rect[39m
[35m[HTTP][39m [90m{}[39m
[35m[HTTP][39m [37m<-- GET /wd/hub/session/19efa87d-eba7-434b-8d5c-f699a4af6e7c/window/rect [39m[32m200[39m [90m49 ms - 49[39m
[35m[HTTP][39m [90m[39m
[35m[HTTP][39m [37m-->[39m [37mPOST[39m [37m/wd/hub/session/19efa87d-eba7-434b-8d5c-f699a4af6e7c/elements[39m
[35m[HTTP][39m [90m{"using":"xpath","value":"//hierarchy/android.widget.FrameLayout[1]/android.widget.LinearLayout[1]/android.widget.FrameLayout[1]/android.widget.FrameLayout[1]/android.view.View[1]/android.view.View[1]/android.view.View[1]/android.view.View[1]/android.widget.Button[1]"}[39m
[35m[HTTP][39m [37m<-- POST /wd/hub/session/19efa87d-eba7-434b-8d5c-f699a4af6e7c/elements [39m[32m200[39m [90m214 ms - 139[39m
[35m[HTTP][39m [90m[39m
[35m[HTTP][39m [37m-->[39m [37mGET[39m [37m/wd/hub/session/19efa87d-eba7-434b-8d5c-f699a4af6e7c/element/00000000-0000-0afd-0000-000800000000/location[39m
[35m[HTTP][39m [90m{}[39m
[35m[W3C (19efa87d)][39m Driver proxy active, passing request on via HTTP proxy
[35m[WD Proxy][39m Replacing sessionId 4aef7410-b43f-4efa-b1ce-cf791abb2b10 with 19efa87d-eba7-434b-8d5c-f699a4af6e7c
[35m[HTTP][39m [37m<-- GET /wd/hub/session/19efa87d-eba7-434b-8d5c-f699a4af6e7c/element/00000000-0000-0afd-0000-000800000000/location [39m[32m200[39m [90m1056 ms - 79[39m
[35m[HTTP][39m [90m[39m
[35m[HTTP][39m [37m-->[39m [37mPOST[39m [37m/wd/hub/session/19efa87d-eba7-434b-8d5c-f699a4af6e7c/element/00000000-0000-0afd-0000-000800000000/click[39m
[35m[HTTP][39m [90m{"id":"00000000-0000-0afd-0000-000800000000"}[39m
[35m[HTTP][39m [37m<-- POST /wd/hub/session/19efa87d-eba7-434b-8d5c-f699a4af6e7c/element/00000000-0000-0afd-0000-000800000000/click [39m[32m200[39m [90m68 ms - 14[39m
[35m[HTTP][39m [90m[39m
[35m[HTTP][39m [37m-->[39m [37mGET[39m [37m/wd/hub/session/19efa87d-eba7-434b-8d5c-f699a4af6e7c/source[39m
[35m[HTTP][39m [90m{}[39m
[35m[W3C (19efa87d)][39m Driver proxy active, passing request on via HTTP proxy
[35m[WD Proxy][39m Replacing sessionId 4aef7410-b43f-4efa-b1ce-cf791abb2b10 with 19efa87d-eba7-434b-8d5c-f699a4af6e7c
[35m[HTTP][39m [37m<-- GET /wd/hub/session/19efa87d-eba7-434b-8d5c-f699a4af6e7c/source [39m[32m200[39m [90m267 ms - 16201[39m
[35m[HTTP][39m [90m[39m
[35m[HTTP][39m [37m-->[39m [37mGET[39m [37m/wd/hub/session/19efa87d-eba7-434b-8d5c-f699a4af6e7c/screenshot[39m
[35m[HTTP][39m [90m{}[39m
[35m[HTTP][39m [37m<-- GET /wd/hub/session/19efa87d-eba7-434b-8d5c-f699a4af6e7c/screenshot [39m[32m200[39m [90m685 ms - 123462[39m
[35m[HTTP][39m [90m[39m
[35m[HTTP][39m [37m-->[39m [37mPOST[39m [37m/wd/hub/session/19efa87d-eba7-434b-8d5c-f699a4af6e7c/elements[39m
[35m[HTTP][39m [90m{"using":"xpath","value":"//*[@class = 'android.widget.Button' and @resource-id = '' and (@text = '' or . = '')]"}[39m
[35m[HTTP][39m [37m<-- POST /wd/hub/session/19efa87d-eba7-434b-8d5c-f699a4af6e7c/elements [39m[32m200[39m [90m747 ms - 779[39m
[35m[HTTP][39m [90m[39m
[35m[HTTP][39m [37m-->[39m [37mPOST[39m [37m/wd/hub/session/19efa87d-eba7-434b-8d5c-f699a4af6e7c/elements[39m
[35m[HTTP][39m [90m{"using":"-android uiautomator","value":"new UiSelector().className(\"android.widget.Button\").resourceId(\"\")"}[39m
[35m[HTTP][39m [37m<-- POST /wd/hub/session/19efa87d-eba7-434b-8d5c-f699a4af6e7c/elements [39m[32m200[39m [90m136 ms - 779[39m
[35m[HTTP][39m [90m[39m
[35m[HTTP][39m [37m-->[39m [37mGET[39m [37m/wd/hub/session/19efa87d-eba7-434b-8d5c-f699a4af6e7c/window/rect[39m
[35m[HTTP][39m [90m{}[39m
[35m[HTTP][39m [37m<-- GET /wd/hub/session/19efa87d-eba7-434b-8d5c-f699a4af6e7c/window/rect [39m[32m200[39m [90m21 ms - 49[39m
[35m[HTTP][39m [90m[39m
[35m[HTTP][39m [37m-->[39m [37mPOST[39m [37m/wd/hub/session/19efa87d-eba7-434b-8d5c-f699a4af6e7c/elements[39m
[35m[HTTP][39m [90m{"using":"xpath","value":"//hierarchy/android.widget.FrameLayout[1]/android.widget.LinearLayout[1]/android.widget.FrameLayout[1]/android.widget.FrameLayout[1]/android.view.View[1]/android.view.View[1]/android.view.View[1]/android.view.View[1]/android.view.View[1]/android.widget.Button[1]"}[39m
[35m[HTTP][39m [37m<-- POST /wd/hub/session/19efa87d-eba7-434b-8d5c-f699a4af6e7c/elements [39m[32m200[39m [90m200 ms - 139[39m
[35m[HTTP][39m [90m[39m
[35m[HTTP][39m [37m-->[39m [37mGET[39m [37m/wd/hub/session/19efa87d-eba7-434b-8d5c-f699a4af6e7c/element/00000000-0000-0afd-0000-000700000000/location[39m
[35m[HTTP][39m [90m{}[39m
[35m[W3C (19efa87d)][39m Driver proxy active, passing request on via HTTP proxy
[35m[WD Proxy][39m Replacing sessionId 4aef7410-b43f-4efa-b1ce-cf791abb2b10 with 19efa87d-eba7-434b-8d5c-f699a4af6e7c
[35m[HTTP][39m [37m<-- GET /wd/hub/session/19efa87d-eba7-434b-8d5c-f699a4af6e7c/element/00000000-0000-0afd-0000-000700000000/location [39m[32m200[39m [90m33 ms - 77[39m
[35m[HTTP][39m [90m[39m
[35m[HTTP][39m [37m-->[39m [37mPOST[39m [37m/wd/hub/session/19efa87d-eba7-434b-8d5c-f699a4af6e7c/element/00000000-0000-0afd-0000-000700000000/click[39m
[35m[HTTP][39m [90m{"id":"00000000-0000-0afd-0000-000700000000"}[39m
[35m[HTTP][39m [37m<-- POST /wd/hub/session/19efa87d-eba7-434b-8d5c-f699a4af6e7c/element/00000000-0000-0afd-0000-000700000000/click [39m[32m200[39m [90m57 ms - 14[39m
[35m[HTTP][39m [90m[39m
[35m[HTTP][39m [37m-->[39m [37mGET[39m [37m/wd/hub/session/19efa87d-eba7-434b-8d5c-f699a4af6e7c/source[39m
[35m[HTTP][39m [90m{}[39m
[35m[W3C (19efa87d)][39m Driver proxy active, passing request on via HTTP proxy
[35m[WD Proxy][39m Replacing sessionId 4aef7410-b43f-4efa-b1ce-cf791abb2b10 with 19efa87d-eba7-434b-8d5c-f699a4af6e7c
[35m[HTTP][39m [37m<-- GET /wd/hub/session/19efa87d-eba7-434b-8d5c-f699a4af6e7c/source [39m[32m200[39m [90m323 ms - 16201[39m
[35m[HTTP][39m [90m[39m
[35m[HTTP][39m [37m-->[39m [37mGET[39m [37m/wd/hub/session/19efa87d-eba7-434b-8d5c-f699a4af6e7c/screenshot[39m
[35m[HTTP][39m [90m{}[39m
[35m[HTTP][39m [37m<-- GET /wd/hub/session/19efa87d-eba7-434b-8d5c-f699a4af6e7c/screenshot [39m[32m200[39m [90m681 ms - 123926[39m
[35m[HTTP][39m [90m[39m
[35m[HTTP][39m [37m-->[39m [37mPOST[39m [37m/wd/hub/session/19efa87d-eba7-434b-8d5c-f699a4af6e7c/elements[39m
[35m[HTTP][39m [90m{"using":"xpath","value":"//*[@class = 'android.widget.Button' and @resource-id = '' and (@text = '' or . = '')]"}[39m
[35m[HTTP][39m [37m<-- POST /wd/hub/session/19efa87d-eba7-434b-8d5c-f699a4af6e7c/elements [39m[32m200[39m [90m344 ms - 779[39m
[35m[HTTP][39m [90m[39m
[35m[HTTP][39m [37m-->[39m [37mPOST[39m [37m/wd/hub/session/19efa87d-eba7-434b-8d5c-f699a4af6e7c/elements[39m
[35m[HTTP][39m [90m{"using":"-android uiautomator","value":"new UiSelector().className(\"android.widget.Button\").resourceId(\"\")"}[39m
[35m[HTTP][39m [37m<-- POST /wd/hub/session/19efa87d-eba7-434b-8d5c-f699a4af6e7c/elements [39m[32m200[39m [90m178 ms - 779[39m
[35m[HTTP][39m [90m[39m
[35m[HTTP][39m [37m-->[39m [37mGET[39m [37m/wd/hub/session/19efa87d-eba7-434b-8d5c-f699a4af6e7c/window/rect[39m
[35m[HTTP][39m [90m{}[39m
[35m[HTTP][39m [37m<-- GET /wd/hub/session/19efa87d-eba7-434b-8d5c-f699a4af6e7c/window/rect [39m[32m200[39m [90m45 ms - 49[39m
[35m[HTTP][39m [90m[39m
[35m[HTTP][39m [37m-->[39m [37mPOST[39m [37m/wd/hub/session/19efa87d-eba7-434b-8d5c-f699a4af6e7c/elements[39m
[35m[HTTP][39m [90m{"using":"xpath","value":"//hierarchy/android.widget.FrameLayout[1]/android.widget.LinearLayout[1]/android.widget.FrameLayout[1]/android.widget.FrameLayout[1]/android.view.View[1]/android.view.View[1]/android.view.View[1]/android.view.View[1]/android.view.View[1]/android.widget.Button[1]"}[39m
[35m[HTTP][39m [37m<-- POST /wd/hub/session/19efa87d-eba7-434b-8d5c-f699a4af6e7c/elements [39m[32m200[39m [90m198 ms - 139[39m
[35m[HTTP][39m [90m[39m
[35m[HTTP][39m [37m-->[39m [37mGET[39m [37m/wd/hub/session/19efa87d-eba7-434b-8d5c-f699a4af6e7c/element/00000000-0000-0afd-0000-000700000000/location[39m
[35m[HTTP][39m [90m{}[39m
[35m[W3C (19efa87d)][39m Driver proxy active, passing request on via HTTP proxy
[35m[WD Proxy][39m Replacing sessionId 4aef7410-b43f-4efa-b1ce-cf791abb2b10 with 19efa87d-eba7-434b-8d5c-f699a4af6e7c
[35m[HTTP][39m [37m<-- GET /wd/hub/session/19efa87d-eba7-434b-8d5c-f699a4af6e7c/element/00000000-0000-0afd-0000-000700000000/location [39m[32m200[39m [90m31 ms - 77[39m
[35m[HTTP][39m [90m[39m
[35m[HTTP][39m [37m-->[39m [37mPOST[39m [37m/wd/hub/session/19efa87d-eba7-434b-8d5c-f699a4af6e7c/element/00000000-0000-0afd-0000-000700000000/click[39m
[35m[HTTP][39m [90m{"id":"00000000-0000-0afd-0000-000700000000"}[39m
[35m[HTTP][39m [37m<-- POST /wd/hub/session/19efa87d-eba7-434b-8d5c-f699a4af6e7c/element/00000000-0000-0afd-0000-000700000000/click [39m[32m200[39m [90m54 ms - 14[39m
[35m[HTTP][39m [90m[39m
[35m[HTTP][39m [37m-->[39m [37mGET[39m [37m/wd/hub/session/19efa87d-eba7-434b-8d5c-f699a4af6e7c/source[39m
[35m[HTTP][39m [90m{}[39m
[35m[W3C (19efa87d)][39m Driver proxy active, passing request on via HTTP proxy
[35m[WD Proxy][39m Replacing sessionId 4aef7410-b43f-4efa-b1ce-cf791abb2b10 with 19efa87d-eba7-434b-8d5c-f699a4af6e7c
[35m[HTTP][39m [37m<-- GET /wd/hub/session/19efa87d-eba7-434b-8d5c-f699a4af6e7c/source [39m[32m200[39m [90m318 ms - 7008[39m
[35m[HTTP][39m [90m[39m
[35m[HTTP][39m [37m-->[39m [37mGET[39m [37m/wd/hub/session/19efa87d-eba7-434b-8d5c-f699a4af6e7c/screenshot[39m
[35m[HTTP][39m [90m{}[39m
[35m[HTTP][39m [37m<-- GET /wd/hub/session/19efa87d-eba7-434b-8d5c-f699a4af6e7c/screenshot [39m[32m200[39m [90m697 ms - 48534[39m
[35m[HTTP][39m [90m[39m
[35m[HTTP][39m [37m-->[39m [37mPOST[39m [37m/wd/hub/session/19efa87d-eba7-434b-8d5c-f699a4af6e7c/elements[39m
[35m[HTTP][39m [90m{"using":"xpath","value":"//*[@class = 'android.view.View' and @resource-id = '' and (@text = '' or . = '')]"}[39m
[35m[HTTP][39m [37m<-- POST /wd/hub/session/19efa87d-eba7-434b-8d5c-f699a4af6e7c/elements [39m[32m200[39m [90m375 ms - 907[39m
[35m[HTTP][39m [90m[39m
[35m[HTTP][39m [37m-->[39m [37mPOST[39m [37m/wd/hub/session/19efa87d-eba7-434b-8d5c-f699a4af6e7c/elements[39m
[35m[HTTP][39m [90m{"using":"accessibility id","value":"Login"}[39m
[35m[HTTP][39m [37m<-- POST /wd/hub/session/19efa87d-eba7-434b-8d5c-f699a4af6e7c/elements [39m[32m200[39m [90m624 ms - 267[39m
[35m[HTTP][39m [90m[39m
[35m[HTTP][39m [37m-->[39m [37mPOST[39m [37m/wd/hub/session/19efa87d-eba7-434b-8d5c-f699a4af6e7c/elements[39m
[35m[HTTP][39m [90m{"using":"-android uiautomator","value":"new UiSelector().className(\"android.view.View\").resourceId(\"\")"}[39m
[35m[HTTP][39m [37m<-- POST /wd/hub/session/19efa87d-eba7-434b-8d5c-f699a4af6e7c/elements [39m[32m200[39m [90m165 ms - 907[39m
[35m[HTTP][39m [90m[39m
[35m[HTTP][39m [37m-->[39m [37mGET[39m [37m/wd/hub/session/19efa87d-eba7-434b-8d5c-f699a4af6e7c/window/rect[39m
[35m[HTTP][39m [90m{}[39m
[35m[HTTP][39m [37m<-- GET /wd/hub/session/19efa87d-eba7-434b-8d5c-f699a4af6e7c/window/rect [39m[32m200[39m [90m24 ms - 49[39m
[35m[HTTP][39m [90m[39m
[35m[HTTP][39m [37m-->[39m [37mPOST[39m [37m/wd/hub/session/19efa87d-eba7-434b-8d5c-f699a4af6e7c/elements[39m
[35m[HTTP][39m [90m{"using":"xpath","value":"//hierarchy/android.widget.FrameLayout[1]/android.widget.LinearLayout[1]/android.widget.FrameLayout[1]/android.widget.FrameLayout[1]/android.view.View[1]/android.view.View[1]/android.view.View[1]/android.view.View[1]/android.view.View[1]/android.view.View[1]"}[39m
[35m[HTTP][39m [37m<-- POST /wd/hub/session/19efa87d-eba7-434b-8d5c-f699a4af6e7c/elements [39m[32m200[39m [90m151 ms - 139[39m
[35m[HTTP][39m [90m[39m
[35m[HTTP][39m [37m-->[39m [37mGET[39m [37m/wd/hub/session/19efa87d-eba7-434b-8d5c-f699a4af6e7c/element/00000000-0000-0afd-0000-004200000000/location[39m
[35m[HTTP][39m [90m{}[39m
[35m[W3C (19efa87d)][39m Driver proxy active, passing request on via HTTP proxy
[35m[WD Proxy][39m Replacing sessionId 4aef7410-b43f-4efa-b1ce-cf791abb2b10 with 19efa87d-eba7-434b-8d5c-f699a4af6e7c
[35m[HTTP][39m [37m<-- GET /wd/hub/session/19efa87d-eba7-434b-8d5c-f699a4af6e7c/element/00000000-0000-0afd-0000-004200000000/location [39m[32m200[39m [90m36 ms - 77[39m
[35m[HTTP][39m [90m[39m
[35m[HTTP][39m [37m-->[39m [37mPOST[39m [37m/wd/hub/session/19efa87d-eba7-434b-8d5c-f699a4af6e7c/element/00000000-0000-0afd-0000-004200000000/click[39m
[35m[HTTP][39m [90m{"id":"00000000-0000-0afd-0000-004200000000"}[39m
[35m[HTTP][39m [37m<-- POST /wd/hub/session/19efa87d-eba7-434b-8d5c-f699a4af6e7c/element/00000000-0000-0afd-0000-004200000000/click [39m[32m200[39m [90m74 ms - 14[39m
[35m[HTTP][39m [90m[39m
[35m[HTTP][39m [37m-->[39m [37mGET[39m [37m/wd/hub/session/19efa87d-eba7-434b-8d5c-f699a4af6e7c/source[39m
[35m[HTTP][39m [90m{}[39m
[35m[W3C (19efa87d)][39m Driver proxy active, passing request on via HTTP proxy
[35m[WD Proxy][39m Replacing sessionId 4aef7410-b43f-4efa-b1ce-cf791abb2b10 with 19efa87d-eba7-434b-8d5c-f699a4af6e7c
[35m[HTTP][39m [37m<-- GET /wd/hub/session/19efa87d-eba7-434b-8d5c-f699a4af6e7c/source [39m[32m200[39m [90m325 ms - 7008[39m
[35m[HTTP][39m [90m[39m
[35m[HTTP][39m [37m-->[39m [37mGET[39m [37m/wd/hub/session/19efa87d-eba7-434b-8d5c-f699a4af6e7c/screenshot[39m
[35m[HTTP][39m [90m{}[39m
[35m[HTTP][39m [37m<-- GET /wd/hub/session/19efa87d-eba7-434b-8d5c-f699a4af6e7c/screenshot [39m[32m200[39m [90m662 ms - 48746[39m
[35m[HTTP][39m [90m[39m
[35m[HTTP][39m [37m-->[39m [37mDELETE[39m [37m/wd/hub/session/19efa87d-eba7-434b-8d5c-f699a4af6e7c[39m
[35m[HTTP][39m [90m{}[39m
[35m[Appium][39m Removing session 19efa87d-eba7-434b-8d5c-f699a4af6e7c from our master session list
[35m[HTTP][39m [37m<-- DELETE /wd/hub/session/19efa87d-eba7-434b-8d5c-f699a4af6e7c [39m[32m200[39m [90m1157 ms - 14[39m
[35m[HTTP][39m [90m[39m
