#
# There is insufficient memory for the Java Runtime Environment to continue.
# Native memory allocation (malloc) failed to allocate 32744 bytes for ChunkPool::allocate
# Possible reasons:
#   The system is out of physical RAM or swap space
#   The process is running with CompressedOops enabled, and the Java Heap may be blocking the growth of the native heap
# Possible solutions:
#   Reduce memory load on the system
#   Increase physical memory or swap space
#   Check if swap backing store is full
#   Decrease Java heap size (-Xmx/-Xms)
#   Decrease number of Java threads
#   Decrease Java thread stack sizes (-Xss)
#   Set larger code cache with -XX:ReservedCodeCacheSize=
#   JVM is running with Unscaled Compressed Oops mode in which the Java heap is
#     placed in the first 4GB address space. The Java Heap base address is the
#     maximum limit for the native heap growth. Please use -XX:HeapBaseMinAddress
#     to set the Java Heap base and to place the Java Heap above 4GB virtual address.
# This output file may be truncated or incomplete.
#
#  Out of Memory Error (allocation.cpp:272), pid=108836, tid=0x00000000000197e4
#
# JRE version: OpenJDK Runtime Environment (Zulu 8.52.0.23-CA-win64) (8.0_282-b08) (build 1.8.0_282-b08)
# Java VM: OpenJDK 64-Bit Server VM (25.282-b08 mixed mode windows-amd64 compressed oops)
# Failed to write core dump. Minidumps are not enabled by default on client versions of Windows
#

---------------  T H R E A D  ---------------

Current thread (0x0000000018c34800):  JavaThread "C2 CompilerThread0" daemon [_thread_in_native, id=104420, stack(0x0000000018ef0000,0x0000000018ff0000)]

Stack: [0x0000000018ef0000,0x0000000018ff0000]
[error occurred during error reporting (printing stack bounds), id 0xc0000005]

Native frames: (J=compiled Java code, j=interpreted, Vv=VM code, C=native code)


Current CompileTask:
C2:  21681 2975   !   4       java.net.URLClassLoader$1::run (63 bytes)


---------------  P R O C E S S  ---------------

Java Threads: ( => current thread )
  0x0000000019c60000 JavaThread "Okio Watchdog" daemon [_thread_blocked, id=70496, stack(0x000000001ef60000,0x000000001f060000)]
  0x0000000019667800 JavaThread "OkHttp ConnectionPool" daemon [_thread_blocked, id=107424, stack(0x000000001ee60000,0x000000001ef60000)]
  0x0000000019667000 JavaThread "ForkJoinPool.commonPool-worker-3" daemon [_thread_blocked, id=116584, stack(0x000000001eb60000,0x000000001ec60000)]
  0x0000000019663000 JavaThread "Exec Stream Pumper" daemon [_thread_in_native, id=117700, stack(0x000000001e560000,0x000000001e660000)]
  0x0000000019663800 JavaThread "Exec Stream Pumper" daemon [_thread_in_native, id=100668, stack(0x000000001e460000,0x000000001e560000)]
  0x0000000019661800 JavaThread "UrlChecker-2" daemon [_thread_blocked, id=110476, stack(0x000000001e160000,0x000000001e260000)]
  0x0000000019662000 JavaThread "Exec Default Executor" daemon [_thread_in_native, id=115664, stack(0x000000001dcb0000,0x000000001ddb0000)]
  0x0000000018c6a800 JavaThread "Service Thread" daemon [_thread_blocked, id=122276, stack(0x00000000191f0000,0x00000000192f0000)]
  0x0000000018c3c800 JavaThread "C1 CompilerThread2" daemon [_thread_blocked, id=106316, stack(0x00000000190f0000,0x00000000191f0000)]
  0x0000000018c37800 JavaThread "C2 CompilerThread1" daemon [_thread_in_native, id=121268, stack(0x0000000018ff0000,0x00000000190f0000)]
=>0x0000000018c34800 JavaThread "C2 CompilerThread0" daemon [_thread_in_native, id=104420, stack(0x0000000018ef0000,0x0000000018ff0000)]
  0x0000000018c29000 JavaThread "Attach Listener" daemon [_thread_blocked, id=112052, stack(0x0000000018df0000,0x0000000018ef0000)]
  0x0000000018c28000 JavaThread "Signal Dispatcher" daemon [_thread_blocked, id=119168, stack(0x0000000018cf0000,0x0000000018df0000)]
  0x000000001748c800 JavaThread "Finalizer" daemon [_thread_blocked, id=121708, stack(0x00000000186f0000,0x00000000187f0000)]
  0x0000000017484000 JavaThread "Reference Handler" daemon [_thread_blocked, id=113328, stack(0x00000000185f0000,0x00000000186f0000)]
  0x0000000002787800 JavaThread "Forwarding findElements on session 85759b7d4aa098af505db758e202187e to remote" [_thread_in_native, id=97436, stack(0x00000000025e0000,0x00000000026e0000)]

Other Threads:
  0x000000001745a000 VMThread [stack: 0x00000000184f0000,0x00000000185f0000] [id=121496]
  0x0000000018cd6800 WatcherThread [stack: 0x00000000192f0000,0x00000000193f0000] [id=119228]

VM state:not at safepoint (normal execution)

VM Mutex/Monitor currently owned by a thread: None

heap address: 0x0000000080000000, size: 2048 MB, Compressed Oops mode: 32-bit
Narrow klass base: 0x0000000000000000, Narrow klass shift: 3
Compressed class space size: 1073741824 Address: 0x0000000100000000

Heap:
 PSYoungGen      total 167424K, used 25816K [0x00000000d5580000, 0x00000000e1f00000, 0x0000000100000000)
  eden space 160256K, 11% used [0x00000000d5580000,0x00000000d67b8a40,0x00000000df200000)
  from space 7168K, 99% used [0x00000000e1100000,0x00000000e17fd990,0x00000000e1800000)
  to   space 3072K, 0% used [0x00000000e1c00000,0x00000000e1c00000,0x00000000e1f00000)
 ParOldGen       total 34816K, used 17030K [0x0000000080000000, 0x0000000082200000, 0x00000000d5580000)
  object space 34816K, 48% used [0x0000000080000000,0x00000000810a1ba8,0x0000000082200000)
 Metaspace       used 30416K, capacity 31310K, committed 31616K, reserved 1077248K
  class space    used 3612K, capacity 3870K, committed 3968K, reserved 1048576K

Card table byte_map: [0x0000000011c30000,0x0000000012040000] byte_map_base: 0x0000000011830000

Marking Bits: (ParMarkBitMap*) 0x00000000769c1f00
 Begin Bits: [0x00000000126f0000, 0x00000000146f0000)
 End Bits:   [0x00000000146f0000, 0x00000000166f0000)

Polling page: 0x0000000000dd0000

CodeCache: size=245760Kb used=10662Kb max_used=12051Kb free=235097Kb
 bounds [0x0000000002870000, 0x0000000003440000, 0x0000000011870000]
 total_blobs=3337 nmethods=2646 adapters=601
 compilation: enabled

Compilation events (10 events):
Event: 21.613 Thread 0x0000000018c3c800 2991       3       java.util.ArrayDeque::removeFirst (19 bytes)
Event: 21.614 Thread 0x0000000018c3c800 nmethod 2991 0x000000000299e510 code [0x000000000299e6a0, 0x000000000299e938]
Event: 21.615 Thread 0x0000000018c3c800 2992       1       java.util.Spliterators$ArraySpliterator::characteristics (5 bytes)
Event: 21.615 Thread 0x0000000018c3c800 nmethod 2992 0x0000000002ae4150 code [0x0000000002ae42a0, 0x0000000002ae43b0]
Event: 21.615 Thread 0x0000000018c3c800 2993       3       java.util.stream.StreamOpFlag::isKnown (19 bytes)
Event: 21.616 Thread 0x0000000018c3c800 nmethod 2993 0x0000000002ba1750 code [0x0000000002ba18a0, 0x0000000002ba1a50]
Event: 21.623 Thread 0x0000000018c3c800 2994       3       okio.RealBufferedSink::writeUtf8 (31 bytes)
Event: 21.623 Thread 0x0000000018c3c800 nmethod 2994 0x0000000002983e90 code [0x0000000002984040, 0x00000000029845e8]
Event: 21.623 Thread 0x0000000018c3c800 2995       3       okio.Buffer::writeUtf8 (11 bytes)
Event: 21.624 Thread 0x0000000018c3c800 nmethod 2995 0x0000000002a37150 code [0x0000000002a372c0, 0x0000000002a375c8]

GC Heap History (10 events):
Event: 4.404 GC heap before
{Heap before GC invocations=8 (full 0):
 PSYoungGen      total 66048K, used 66046K [0x00000000d5580000, 0x00000000dda80000, 0x0000000100000000)
  eden space 61440K, 100% used [0x00000000d5580000,0x00000000d9180000,0x00000000d9180000)
  from space 4608K, 99% used [0x00000000d9180000,0x00000000d95ff820,0x00000000d9600000)
  to   space 6656K, 0% used [0x00000000dd400000,0x00000000dd400000,0x00000000dda80000)
 ParOldGen       total 40960K, used 6452K [0x0000000080000000, 0x0000000082800000, 0x00000000d5580000)
  object space 40960K, 15% used [0x0000000080000000,0x000000008064d088,0x0000000082800000)
 Metaspace       used 19948K, capacity 20248K, committed 20608K, reserved 1067008K
  class space    used 2208K, capacity 2321K, committed 2432K, reserved 1048576K
Event: 4.414 GC heap after
Heap after GC invocations=8 (full 0):
 PSYoungGen      total 129024K, used 6530K [0x00000000d5580000, 0x00000000ddb80000, 0x0000000100000000)
  eden space 122368K, 0% used [0x00000000d5580000,0x00000000d5580000,0x00000000dcd00000)
  from space 6656K, 98% used [0x00000000dd400000,0x00000000dda60810,0x00000000dda80000)
  to   space 7168K, 0% used [0x00000000dcd00000,0x00000000dcd00000,0x00000000dd400000)
 ParOldGen       total 40960K, used 7588K [0x0000000080000000, 0x0000000082800000, 0x00000000d5580000)
  object space 40960K, 18% used [0x0000000080000000,0x0000000080769098,0x0000000082800000)
 Metaspace       used 19948K, capacity 20248K, committed 20608K, reserved 1067008K
  class space    used 2208K, capacity 2321K, committed 2432K, reserved 1048576K
}
Event: 4.697 GC heap before
{Heap before GC invocations=9 (full 0):
 PSYoungGen      total 129024K, used 16347K [0x00000000d5580000, 0x00000000ddb80000, 0x0000000100000000)
  eden space 122368K, 8% used [0x00000000d5580000,0x00000000d5f167a8,0x00000000dcd00000)
  from space 6656K, 98% used [0x00000000dd400000,0x00000000dda60810,0x00000000dda80000)
  to   space 7168K, 0% used [0x00000000dcd00000,0x00000000dcd00000,0x00000000dd400000)
 ParOldGen       total 40960K, used 7588K [0x0000000080000000, 0x0000000082800000, 0x00000000d5580000)
  object space 40960K, 18% used [0x0000000080000000,0x0000000080769098,0x0000000082800000)
 Metaspace       used 20808K, capacity 21078K, committed 21296K, reserved 1069056K
  class space    used 2310K, capacity 2425K, committed 2432K, reserved 1048576K
Event: 4.703 GC heap after
Heap after GC invocations=9 (full 0):
 PSYoungGen      total 129536K, used 4876K [0x00000000d5580000, 0x00000000e2300000, 0x0000000100000000)
  eden space 122368K, 0% used [0x00000000d5580000,0x00000000d5580000,0x00000000dcd00000)
  from space 7168K, 68% used [0x00000000dcd00000,0x00000000dd1c3320,0x00000000dd400000)
  to   space 7168K, 0% used [0x00000000e1c00000,0x00000000e1c00000,0x00000000e2300000)
 ParOldGen       total 40960K, used 8220K [0x0000000080000000, 0x0000000082800000, 0x00000000d5580000)
  object space 40960K, 20% used [0x0000000080000000,0x00000000808071b8,0x0000000082800000)
 Metaspace       used 20808K, capacity 21078K, committed 21296K, reserved 1069056K
  class space    used 2310K, capacity 2425K, committed 2432K, reserved 1048576K
}
Event: 4.703 GC heap before
{Heap before GC invocations=10 (full 1):
 PSYoungGen      total 129536K, used 4876K [0x00000000d5580000, 0x00000000e2300000, 0x0000000100000000)
  eden space 122368K, 0% used [0x00000000d5580000,0x00000000d5580000,0x00000000dcd00000)
  from space 7168K, 68% used [0x00000000dcd00000,0x00000000dd1c3320,0x00000000dd400000)
  to   space 7168K, 0% used [0x00000000e1c00000,0x00000000e1c00000,0x00000000e2300000)
 ParOldGen       total 40960K, used 8220K [0x0000000080000000, 0x0000000082800000, 0x00000000d5580000)
  object space 40960K, 20% used [0x0000000080000000,0x00000000808071b8,0x0000000082800000)
 Metaspace       used 20808K, capacity 21078K, committed 21296K, reserved 1069056K
  class space    used 2310K, capacity 2425K, committed 2432K, reserved 1048576K
Event: 4.759 GC heap after
Heap after GC invocations=10 (full 1):
 PSYoungGen      total 129536K, used 0K [0x00000000d5580000, 0x00000000e2300000, 0x0000000100000000)
  eden space 122368K, 0% used [0x00000000d5580000,0x00000000d5580000,0x00000000dcd00000)
  from space 7168K, 0% used [0x00000000dcd00000,0x00000000dcd00000,0x00000000dd400000)
  to   space 7168K, 0% used [0x00000000e1c00000,0x00000000e1c00000,0x00000000e2300000)
 ParOldGen       total 34816K, used 9833K [0x0000000080000000, 0x0000000082200000, 0x00000000d5580000)
  object space 34816K, 28% used [0x0000000080000000,0x000000008099a738,0x0000000082200000)
 Metaspace       used 20808K, capacity 21078K, committed 21296K, reserved 1069056K
  class space    used 2310K, capacity 2425K, committed 2432K, reserved 1048576K
}
Event: 5.745 GC heap before
{Heap before GC invocations=11 (full 1):
 PSYoungGen      total 129536K, used 122368K [0x00000000d5580000, 0x00000000e2300000, 0x0000000100000000)
  eden space 122368K, 100% used [0x00000000d5580000,0x00000000dcd00000,0x00000000dcd00000)
  from space 7168K, 0% used [0x00000000dcd00000,0x00000000dcd00000,0x00000000dd400000)
  to   space 7168K, 0% used [0x00000000e1c00000,0x00000000e1c00000,0x00000000e2300000)
 ParOldGen       total 34816K, used 9833K [0x0000000080000000, 0x0000000082200000, 0x00000000d5580000)
  object space 34816K, 28% used [0x0000000080000000,0x000000008099a738,0x0000000082200000)
 Metaspace       used 22114K, capacity 22462K, committed 22704K, reserved 1069056K
  class space    used 2419K, capacity 2542K, committed 2560K, reserved 1048576K
Event: 5.750 GC heap after
Heap after GC invocations=11 (full 1):
 PSYoungGen      total 163328K, used 2609K [0x00000000d5580000, 0x00000000e1f00000, 0x0000000100000000)
  eden space 160256K, 0% used [0x00000000d5580000,0x00000000d5580000,0x00000000df200000)
  from space 3072K, 84% used [0x00000000e1c00000,0x00000000e1e8c730,0x00000000e1f00000)
  to   space 7168K, 0% used [0x00000000e1100000,0x00000000e1100000,0x00000000e1800000)
 ParOldGen       total 34816K, used 9833K [0x0000000080000000, 0x0000000082200000, 0x00000000d5580000)
  object space 34816K, 28% used [0x0000000080000000,0x000000008099a738,0x0000000082200000)
 Metaspace       used 22114K, capacity 22462K, committed 22704K, reserved 1069056K
  class space    used 2419K, capacity 2542K, committed 2560K, reserved 1048576K
}
Event: 20.212 GC heap before
{Heap before GC invocations=12 (full 1):
 PSYoungGen      total 163328K, used 162865K [0x00000000d5580000, 0x00000000e1f00000, 0x0000000100000000)
  eden space 160256K, 100% used [0x00000000d5580000,0x00000000df200000,0x00000000df200000)
  from space 3072K, 84% used [0x00000000e1c00000,0x00000000e1e8c730,0x00000000e1f00000)
  to   space 7168K, 0% used [0x00000000e1100000,0x00000000e1100000,0x00000000e1800000)
 ParOldGen       total 34816K, used 9833K [0x0000000080000000, 0x0000000082200000, 0x00000000d5580000)
  object space 34816K, 28% used [0x0000000080000000,0x000000008099a738,0x0000000082200000)
 Metaspace       used 30265K, capacity 31164K, committed 31360K, reserved 1077248K
  class space    used 3596K, capacity 3865K, committed 3968K, reserved 1048576K
Event: 20.535 GC heap after
Heap after GC invocations=12 (full 1):
 PSYoungGen      total 167424K, used 7158K [0x00000000d5580000, 0x00000000e1f00000, 0x0000000100000000)
  eden space 160256K, 0% used [0x00000000d5580000,0x00000000d5580000,0x00000000df200000)
  from space 7168K, 99% used [0x00000000e1100000,0x00000000e17fd990,0x00000000e1800000)
  to   space 3072K, 0% used [0x00000000e1c00000,0x00000000e1c00000,0x00000000e1f00000)
 ParOldGen       total 34816K, used 17030K [0x0000000080000000, 0x0000000082200000, 0x00000000d5580000)
  object space 34816K, 48% used [0x0000000080000000,0x00000000810a1ba8,0x0000000082200000)
 Metaspace       used 30265K, capacity 31164K, committed 31360K, reserved 1077248K
  class space    used 3596K, capacity 3865K, committed 3968K, reserved 1048576K
}

Deoptimization events (10 events):
Event: 10.303 Thread 0x0000000002787800 Uncommon trap: reason=class_check action=maybe_recompile pc=0x0000000003308e18 method=java.io.DataInputStream.readChar()C @ 4
Event: 10.342 Thread 0x0000000002787800 Uncommon trap: reason=class_check action=maybe_recompile pc=0x00000000032bb85c method=java.util.HashSet.contains(Ljava/lang/Object;)Z @ 5
Event: 10.342 Thread 0x0000000002787800 Uncommon trap: reason=class_check action=maybe_recompile pc=0x00000000032bb85c method=java.util.HashSet.contains(Ljava/lang/Object;)Z @ 5
Event: 16.825 Thread 0x0000000002787800 Uncommon trap: reason=class_check action=maybe_recompile pc=0x0000000003381904 method=org.openqa.selenium.json.Input.init()V @ 18
Event: 16.827 Thread 0x0000000002787800 Uncommon trap: reason=class_check action=maybe_recompile pc=0x0000000003381904 method=org.openqa.selenium.json.Input.init()V @ 18
Event: 16.829 Thread 0x0000000002787800 Uncommon trap: reason=class_check action=maybe_recompile pc=0x0000000003381904 method=org.openqa.selenium.json.Input.init()V @ 18
Event: 16.830 Thread 0x0000000002787800 Uncommon trap: reason=class_check action=maybe_recompile pc=0x0000000003381904 method=org.openqa.selenium.json.Input.init()V @ 18
Event: 16.991 Thread 0x0000000002787800 Uncommon trap: reason=bimorphic action=maybe_recompile pc=0x0000000002dcdb1c method=java.util.HashMap.putVal(ILjava/lang/Object;Ljava/lang/Object;ZZ)Ljava/lang/Object; @ 203
Event: 16.992 Thread 0x0000000002787800 Uncommon trap: reason=bimorphic action=maybe_recompile pc=0x0000000002dcdb1c method=java.util.HashMap.putVal(ILjava/lang/Object;Ljava/lang/Object;ZZ)Ljava/lang/Object; @ 203
Event: 16.992 Thread 0x0000000002787800 Uncommon trap: reason=bimorphic action=maybe_recompile pc=0x0000000002dcdb1c method=java.util.HashMap.putVal(ILjava/lang/Object;Ljava/lang/Object;ZZ)Ljava/lang/Object; @ 203

Classes redefined (0 events):
No events

Internal exceptions (10 events):
Event: 20.907 Thread 0x0000000002787800 Exception <a 'java/security/PrivilegedActionException'> (0x00000000d5e81710) thrown at [C:\jenkins\workspace\zulu8-silver-build-win64\zulu-src\hotspot\src\share\vm\prims\jvm.cpp, line 1529]
Event: 20.910 Thread 0x0000000002787800 Exception <a 'java/security/PrivilegedActionException'> (0x00000000d5e941b8) thrown at [C:\jenkins\workspace\zulu8-silver-build-win64\zulu-src\hotspot\src\share\vm\prims\jvm.cpp, line 1529]
Event: 20.910 Thread 0x0000000002787800 Exception <a 'java/security/PrivilegedActionException'> (0x00000000d5e94798) thrown at [C:\jenkins\workspace\zulu8-silver-build-win64\zulu-src\hotspot\src\share\vm\prims\jvm.cpp, line 1529]
Event: 21.002 Thread 0x0000000002787800 Exception <a 'java/lang/ClassNotFoundException': Script1BeanInfo> (0x00000000d60aaf40) thrown at [C:\jenkins\workspace\zulu8-silver-build-win64\zulu-src\hotspot\src\share\vm\classfile\systemDictionary.cpp, line 220]
Event: 21.010 Thread 0x0000000002787800 Exception <a 'java/lang/ClassNotFoundException': Script1Customizer> (0x00000000d612fd20) thrown at [C:\jenkins\workspace\zulu8-silver-build-win64\zulu-src\hotspot\src\share\vm\classfile\systemDictionary.cpp, line 220]
Event: 21.174 Thread 0x0000000002787800 Exception <a 'java/lang/ClassNotFoundException': com/kms/katalon/core/webui/keyword/builtin/SetTextKeywordBeanInfo> (0x00000000d63f5480) thrown at [C:\jenkins\workspace\zulu8-silver-build-win64\zulu-src\hotspot\src\share\vm\classfile\systemDictionary.cpp,
Event: 21.233 Thread 0x0000000002787800 Exception <a 'java/lang/ClassNotFoundException': com/kms/katalon/core/webui/keyword/builtin/SetTextKeywordCustomizer> (0x00000000d64ccb20) thrown at [C:\jenkins\workspace\zulu8-silver-build-win64\zulu-src\hotspot\src\share\vm\classfile\systemDictionary.cp
Event: 21.328 Thread 0x0000000002787800 Exception <a 'java/net/SocketTimeoutException': Read timed out> (0x00000000d662ba78) thrown at [C:\jenkins\workspace\zulu8-silver-build-win64\zulu-src\hotspot\src\share\vm\prims\jni.cpp, line 738]
Event: 21.479 Thread 0x0000000002787800 Exception <a 'java/net/SocketTimeoutException': Read timed out> (0x00000000d66476f8) thrown at [C:\jenkins\workspace\zulu8-silver-build-win64\zulu-src\hotspot\src\share\vm\prims\jni.cpp, line 738]
Event: 21.623 Thread 0x0000000002787800 Exception <a 'java/net/SocketTimeoutException': Read timed out> (0x00000000d665ade8) thrown at [C:\jenkins\workspace\zulu8-silver-build-win64\zulu-src\hotspot\src\share\vm\prims\jni.cpp, line 738]

Events (10 events):
Event: 21.174 loading class com/kms/katalon/core/webui/keyword/builtin/SetTextKeywordBeanInfo
Event: 21.174 loading class com/kms/katalon/core/webui/keyword/builtin/SetTextKeywordBeanInfo done
Event: 21.175 loading class com/kms/katalon/core/webui/keyword/builtin/SetTextKeywordCustomizer
Event: 21.175 loading class com/kms/katalon/core/webui/keyword/builtin/SetTextKeywordCustomizer done
Event: 21.203 loading class com/kms/katalon/core/webui/keyword/builtin/SetTextKeywordCustomizer
Event: 21.203 loading class com/kms/katalon/core/webui/keyword/builtin/SetTextKeywordCustomizer done
Event: 21.233 loading class com/kms/katalon/core/webui/keyword/builtin/SetTextKeywordCustomizer
Event: 21.233 loading class com/kms/katalon/core/webui/keyword/builtin/SetTextKeywordCustomizer done
Event: 21.269 loading class groovy/runtime/metaclass/com/kms/katalon/core/webui/keyword/builtin/SetTextKeyword$_setText_closure1MetaClass
Event: 21.269 loading class groovy/runtime/metaclass/com/kms/katalon/core/webui/keyword/builtin/SetTextKeyword$_setText_closure1MetaClass done


Dynamic libraries:
0x00007ff63ee40000 - 0x00007ff63ee75000 	C:\Users\User\Downloads\Katalon_Studio_Windows_64-8.2.5\Katalon_Studio_Windows_64-8.2.5\jre\bin\javaw.exe
0x00007ffbbab00000 - 0x00007ffbbad09000 	C:\WINDOWS\SYSTEM32\ntdll.dll
0x00007ffbb9790000 - 0x00007ffbb984d000 	C:\WINDOWS\System32\KERNEL32.DLL
0x00007ffbb8410000 - 0x00007ffbb878b000 	C:\WINDOWS\System32\KERNELBASE.dll
0x00007ffbb96e0000 - 0x00007ffbb978e000 	C:\WINDOWS\System32\ADVAPI32.dll
0x00007ffbb9b50000 - 0x00007ffbb9bf3000 	C:\WINDOWS\System32\msvcrt.dll
0x00007ffbb9d40000 - 0x00007ffbb9dde000 	C:\WINDOWS\System32\sechost.dll
0x00007ffbb9e50000 - 0x00007ffbb9f70000 	C:\WINDOWS\System32\RPCRT4.dll
0x00007ffbb9fd0000 - 0x00007ffbba17d000 	C:\WINDOWS\System32\USER32.dll
0x00007ffbb8200000 - 0x00007ffbb8226000 	C:\WINDOWS\System32\win32u.dll
0x00007ffbb9ae0000 - 0x00007ffbb9b09000 	C:\WINDOWS\System32\GDI32.dll
0x00007ffbb8070000 - 0x00007ffbb8188000 	C:\WINDOWS\System32\gdi32full.dll
0x00007ffbb7fd0000 - 0x00007ffbb806d000 	C:\WINDOWS\System32\msvcp_win.dll
0x00007ffbb82f0000 - 0x00007ffbb8401000 	C:\WINDOWS\System32\ucrtbase.dll
0x00007ffbaa8c0000 - 0x00007ffbaab65000 	C:\WINDOWS\WinSxS\amd64_microsoft.windows.common-controls_6595b64144ccf1df_6.0.22000.120_none_9d947278b86cc467\COMCTL32.dll
0x00007ffbb9b10000 - 0x00007ffbb9b41000 	C:\WINDOWS\System32\IMM32.DLL
0x0000000051400000 - 0x00000000514d2000 	C:\Users\User\Downloads\Katalon_Studio_Windows_64-8.2.5\Katalon_Studio_Windows_64-8.2.5\jre\bin\msvcr100.dll
0x0000000076180000 - 0x0000000076a45000 	C:\Users\User\Downloads\Katalon_Studio_Windows_64-8.2.5\Katalon_Studio_Windows_64-8.2.5\jre\bin\server\jvm.dll
0x00007ffbb9140000 - 0x00007ffbb9148000 	C:\WINDOWS\System32\PSAPI.DLL
0x00007ffbaa130000 - 0x00007ffbaa139000 	C:\WINDOWS\SYSTEM32\WSOCK32.dll
0x00007ffbb3b40000 - 0x00007ffbb3b73000 	C:\WINDOWS\SYSTEM32\WINMM.dll
0x00007ffbba6e0000 - 0x00007ffbba74f000 	C:\WINDOWS\System32\WS2_32.dll
0x00007ffbb3630000 - 0x00007ffbb363a000 	C:\WINDOWS\SYSTEM32\VERSION.dll
0x00007ffbb1a40000 - 0x00007ffbb1a4f000 	C:\Users\User\Downloads\Katalon_Studio_Windows_64-8.2.5\Katalon_Studio_Windows_64-8.2.5\jre\bin\verify.dll
0x00007ffbabf00000 - 0x00007ffbabf29000 	C:\Users\User\Downloads\Katalon_Studio_Windows_64-8.2.5\Katalon_Studio_Windows_64-8.2.5\jre\bin\java.dll
0x00007ffbabee0000 - 0x00007ffbabef6000 	C:\Users\User\Downloads\Katalon_Studio_Windows_64-8.2.5\Katalon_Studio_Windows_64-8.2.5\jre\bin\zip.dll
0x00007ffbb8980000 - 0x00007ffbb9138000 	C:\WINDOWS\System32\SHELL32.dll
0x00007ffbb60c0000 - 0x00007ffbb6925000 	C:\WINDOWS\SYSTEM32\windows.storage.dll
0x00007ffbb9150000 - 0x00007ffbb94c7000 	C:\WINDOWS\System32\combase.dll
0x00007ffbb5f50000 - 0x00007ffbb60b6000 	C:\WINDOWS\SYSTEM32\wintypes.dll
0x00007ffbb99f0000 - 0x00007ffbb9ada000 	C:\WINDOWS\System32\SHCORE.dll
0x00007ffbb9f70000 - 0x00007ffbb9fcd000 	C:\WINDOWS\System32\shlwapi.dll
0x00007ffbb7f00000 - 0x00007ffbb7f21000 	C:\WINDOWS\SYSTEM32\profapi.dll
0x00007ffbabec0000 - 0x00007ffbabedb000 	C:\Users\User\Downloads\Katalon_Studio_Windows_64-8.2.5\Katalon_Studio_Windows_64-8.2.5\jre\bin\net.dll
0x00007ffbb74f0000 - 0x00007ffbb7557000 	C:\WINDOWS\system32\mswsock.dll
0x00007ffb95790000 - 0x00007ffb957a1000 	C:\Users\User\Downloads\Katalon_Studio_Windows_64-8.2.5\Katalon_Studio_Windows_64-8.2.5\jre\bin\nio.dll
0x00007ffbb6bf0000 - 0x00007ffbb6cd8000 	C:\WINDOWS\SYSTEM32\DNSAPI.dll
0x00007ffbb6b80000 - 0x00007ffbb6bad000 	C:\WINDOWS\SYSTEM32\IPHLPAPI.DLL
0x00007ffbb9d30000 - 0x00007ffbb9d39000 	C:\WINDOWS\System32\NSI.dll
0x00007ffbb0da0000 - 0x00007ffbb0daa000 	C:\Windows\System32\rasadhlp.dll
0x00007ffbb26c0000 - 0x00007ffbb2741000 	C:\WINDOWS\System32\fwpuclnt.dll
0x00007ffb906e0000 - 0x00007ffb90704000 	C:\Users\User\Downloads\Katalon_Studio_Windows_64-8.2.5\Katalon_Studio_Windows_64-8.2.5\jre\bin\sunec.dll
0x00007ffbaaf70000 - 0x00007ffbaaf7c000 	C:\Users\User\Downloads\Katalon_Studio_Windows_64-8.2.5\Katalon_Studio_Windows_64-8.2.5\jre\bin\sunmscapi.dll
0x00007ffbb8810000 - 0x00007ffbb8972000 	C:\WINDOWS\System32\CRYPT32.dll
0x00007ffbb7890000 - 0x00007ffbb78b8000 	C:\WINDOWS\SYSTEM32\ncrypt.dll
0x00007ffbb7850000 - 0x00007ffbb7887000 	C:\WINDOWS\SYSTEM32\NTASN1.dll
0x00007ffbb7730000 - 0x00007ffbb7748000 	C:\WINDOWS\SYSTEM32\CRYPTSP.dll
0x00007ffbb6fb0000 - 0x00007ffbb6fe5000 	C:\WINDOWS\system32\rsaenh.dll
0x00007ffbb75e0000 - 0x00007ffbb7609000 	C:\WINDOWS\SYSTEM32\USERENV.dll
0x00007ffbb78c0000 - 0x00007ffbb78e7000 	C:\WINDOWS\SYSTEM32\bcrypt.dll
0x00007ffbb8790000 - 0x00007ffbb880f000 	C:\WINDOWS\System32\bcryptprimitives.dll
0x00007ffbb7750000 - 0x00007ffbb775c000 	C:\WINDOWS\SYSTEM32\CRYPTBASE.dll
0x00007ffbb3450000 - 0x00007ffbb3469000 	C:\WINDOWS\SYSTEM32\dhcpcsvc6.DLL
0x00007ffbb3750000 - 0x00007ffbb376e000 	C:\WINDOWS\SYSTEM32\dhcpcsvc.DLL

VM Arguments:
jvm_args: -Dgroovy.home=C:\Users\User/.groovy -Djava.system.class.loader=groovy.lang.GroovyClassLoader -Xmx2048m -Dfile.encoding=UTF-8 
java_command: org.codehaus.groovy.tools.GroovyStarter --classpath C:\Users\User\Katalon Studio\Web_Mini_Project\bin\keyword;C:\Users\User\Katalon Studio\Web_Mini_Project\Keywords;C:\Users\User\Katalon Studio\Web_Mini_Project\bin\listener;C:\Users\User\Katalon Studio\Web_Mini_Project\Test Listeners;C:\Users\User\Katalon Studio\Web_Mini_Project\bin\lib;C:\Users\User\Katalon Studio\Web_Mini_Project\Libs;C:\Users\User\Katalon Studio\Web_Mini_Project\bin\groovy;C:\Users\User\Katalon Studio\Web_Mini_Project\Include\scripts\groovy;C:\Users\User\Downloads\Katalon_Studio_Windows_64-8.2.5\Katalon_Studio_Windows_64-8.2.5\plugins\com.kms.katalon.core_1.0.0.202204060445.jar;C:\Users\User\Downloads\Katalon_Studio_Windows_64-8.2.5\Katalon_Studio_Windows_64-8.2.5\configuration\resources\lib\aalto-xml-1.0.0.jar;C:\Users\User\Downloads\Katalon_Studio_Windows_64-8.2.5\Katalon_Studio_Windows_64-8.2.5\configuration\resources\lib\aspectjweaver-1.9.1.jar;C:\Users\User\Downloads\Katalon_Studio_Windows_64-8.2.5\Katalon_Studio_Windows_64-8.2.5\configuration\resources\lib\bcpkix-jdk15on-1.64.jar;C:\Users\User\Downloads\Katalon_Studio_Windows_64-8.2.5\Katalon_Studio_Windows_64-8.2.5\configuration\resources\lib\bcprov-jdk15on-1.64.jar;C:\Users\User\Downloads\Katalon_Studio_Windows_64-8.2.5\Katalon_Studio_Windows_64-8.2.5\configuration\resources\lib\browsermob-core-2.1.5.jar;C:\Users\User\Downloads\Katalon_Studio_Windows_64-8.2.5\Katalon_Studio_Windows_64-8.2.5\configuration\resources\lib\cglib-3.2.10.jar;C:\Users\User\Downloads\Katalon_Studio_Windows_64-8.2.5\Katalon_Studio_Windows_64-8.2.5\configuration\resources\lib\commons-codec-1.10.jar;C:\Users\User\Downloads\Katalon_Studio_Windows_64-8.2.5\Katalon_Studio_Windows_64-8.2.5\configuration\resources\lib\commons-collections4-4.1.jar;C:\Users\User\Downloads\Katalon_Studio_Windows_64-8.2.5\Katalon_Studio_Windows_64-8.2.5\configuration\resources\lib\commons-validator-1.6.jar;C:\Users\User\Downloads\Katalon_Studio_Windows_64-8.2.5\Katalon_Studio_
java_class_path (initial): C:\Users\User\Katalon Studio\Web_Mini_Project\bin\keyword;C:\Users\User\Katalon Studio\Web_Mini_Project\bin\listener;C:\Users\User\Katalon Studio\Web_Mini_Project\bin\lib;C:\Users\User\Katalon Studio\Web_Mini_Project\bin\groovy;C:\Users\User\Katalon Studio\Web_Mini_Project\bin;C:\Users\User\Downloads\Katalon_Studio_Windows_64-8.2.5\Katalon_Studio_Windows_64-8.2.5\plugins\com.kms.katalon.core_1.0.0.202204060445.jar;C:\Users\User\Downloads\Katalon_Studio_Windows_64-8.2.5\Katalon_Studio_Windows_64-8.2.5\configuration\resources\lib\aalto-xml-1.0.0.jar;C:\Users\User\Downloads\Katalon_Studio_Windows_64-8.2.5\Katalon_Studio_Windows_64-8.2.5\configuration\resources\lib\aspectjweaver-1.9.1.jar;C:\Users\User\Downloads\Katalon_Studio_Windows_64-8.2.5\Katalon_Studio_Windows_64-8.2.5\configuration\resources\lib\bcpkix-jdk15on-1.64.jar;C:\Users\User\Downloads\Katalon_Studio_Windows_64-8.2.5\Katalon_Studio_Windows_64-8.2.5\configuration\resources\lib\bcprov-jdk15on-1.64.jar;C:\Users\User\Downloads\Katalon_Studio_Windows_64-8.2.5\Katalon_Studio_Windows_64-8.2.5\configuration\resources\lib\browsermob-core-2.1.5.jar;C:\Users\User\Downloads\Katalon_Studio_Windows_64-8.2.5\Katalon_Studio_Windows_64-8.2.5\configuration\resources\lib\cglib-3.2.10.jar;C:\Users\User\Downloads\Katalon_Studio_Windows_64-8.2.5\Katalon_Studio_Windows_64-8.2.5\configuration\resources\lib\commons-codec-1.10.jar;C:\Users\User\Downloads\Katalon_Studio_Windows_64-8.2.5\Katalon_Studio_Windows_64-8.2.5\configuration\resources\lib\commons-collections4-4.1.jar;C:\Users\User\Downloads\Katalon_Studio_Windows_64-8.2.5\Katalon_Studio_Windows_64-8.2.5\configuration\resources\lib\commons-validator-1.6.jar;C:\Users\User\Downloads\Katalon_Studio_Windows_64-8.2.5\Katalon_Studio_Windows_64-8.2.5\configuration\resources\lib\curvesapi-1.04.jar;C:\Users\User\Downloads\Katalon_Studio_Windows_64-8.2.5\Katalon_Studio_Windows_64-8.2.5\configuration\resources\lib\dnsjava-2.1.8.jar;C:\Users\User\Downloads\Kat
Launcher Type: SUN_STANDARD

Environment Variables:
JAVA_HOME=C:\Program Files\Java\jdk-11.0.14\bin
PATH=C:/Users/User/Downloads/Katalon_Studio_Windows_64-8.2.5/Katalon_Studio_Windows_64-8.2.5/jre/bin/server;C:/Users/User/Downloads/Katalon_Studio_Windows_64-8.2.5/Katalon_Studio_Windows_64-8.2.5/jre/bin;C:/Users/User/Downloads/Katalon_Studio_Windows_64-8.2.5/Katalon_Studio_Windows_64-8.2.5/jre/lib/amd64;C:\Program Files\Common Files\Oracle\Java\javapath;C:\Program Files (x86)\Common Files\Oracle\Java\javapath;C:\WINDOWS\system32;C:\WINDOWS;C:\WINDOWS\System32\Wbem;C:\WINDOWS\System32\WindowsPowerShell\v1.0\;C:\WINDOWS\System32\OpenSSH\;C:\Program Files (x86)\Microsoft SQL Server\80\Tools\Binn\;C:\Program Files\Microsoft SQL Server\110\Tools\Binn\;C:\Program Files (x86)\Common Files\AspenTech Shared\;C:\Program Files\Git\cmd;C:\Program Files\nodejs\;C:\Program Files\Java\jdk1.8.0_202;C:\Program Files\apache-maven-3.8.6\bin;C:\Program Files\apache-jmeter-5.5\apache-jmeter-5.5;C:\Program Files\Java\jdk-11.0.14\bin;C:\Users\User\AppData\Local\Android\Sdk\platform-tools;C:\Users\User\.katalon\tools\android_sdk\platform-tools;C:\Users\User\AppData\Local\Microsoft\WindowsApps;C:\Users\User\AppData\Local\GitHubDesktop\bin;D:\Microsoft VS Code\bin;C:\Users\User\AppData\Roaming\npm;C:\Users\User\Downloads\Katalon_Studio_Windows_64-8.2.5\Katalon_Studio_Windows_64-8.2.5;
USERNAME=Dewi Putri Wulandari
OS=Windows_NT
PROCESSOR_IDENTIFIER=Intel64 Family 6 Model 126 Stepping 5, GenuineIntel



---------------  S Y S T E M  ---------------

OS: Windows 10.0 , 64 bit Build 22000 (10.0.22000.708)

CPU:total 4 (initial active 4) (2 cores per cpu, 2 threads per core) family 6 model 126 stepping 5, cmov, cx8, fxsr, mmx, sse, sse2, sse3, ssse3, sse4.1, sse4.2, popcnt, avx, avx2, aes, clmul, erms, 3dnowpref, lzcnt, ht, tsc, tscinvbit, bmi1, bmi2, adx

Memory: 4k page, physical 3930488k(28328k free), swap 15989112k(2616k free)

vm_info: OpenJDK 64-Bit Server VM (25.282-b08) for windows-amd64 JRE (Zulu 8.52.0.23-CA-win64) (1.8.0_282-b08), built on Jan 12 2021 07:45:49 by "tester" with MS VC++ 10.0 (VS2010)

time: Wed Nov 02 13:21:55 2022
timezone: SE Asia Standard Time
elapsed time: 21.708981 seconds (0d 0h 0m 21s)

