#
# There is insufficient memory for the Java Runtime Environment to continue.
# Native memory allocation (malloc) failed to allocate 32744 bytes for ChunkPool::allocate
# Possible reasons:
#   The system is out of physical RAM or swap space
#   The process is running with CompressedOops enabled, and the Java Heap may be blocking the growth of the native heap
# Possible solutions:
#   Reduce memory load on the system
#   Increase physical memory or swap space
#   Check if swap backing store is full
#   Decrease Java heap size (-Xmx/-Xms)
#   Decrease number of Java threads
#   Decrease Java thread stack sizes (-Xss)
#   Set larger code cache with -XX:ReservedCodeCacheSize=
#   JVM is running with Unscaled Compressed Oops mode in which the Java heap is
#     placed in the first 4GB address space. The Java Heap base address is the
#     maximum limit for the native heap growth. Please use -XX:HeapBaseMinAddress
#     to set the Java Heap base and to place the Java Heap above 4GB virtual address.
# This output file may be truncated or incomplete.
#
#  Out of Memory Error (allocation.cpp:272), pid=93728, tid=0x0000000000016db4
#
# JRE version: OpenJDK Runtime Environment (Zulu 8.52.0.23-CA-win64) (8.0_282-b08) (build 1.8.0_282-b08)
# Java VM: OpenJDK 64-Bit Server VM (25.282-b08 mixed mode windows-amd64 compressed oops)
# Failed to write core dump. Minidumps are not enabled by default on client versions of Windows
#

---------------  T H R E A D  ---------------

Current thread (0x0000000018d50800):  JavaThread "C2 CompilerThread0" daemon [_thread_in_native, id=93620, stack(0x0000000019020000,0x0000000019120000)]

Stack: [0x0000000019020000,0x0000000019120000]
[error occurred during error reporting (printing stack bounds), id 0xc0000005]

Native frames: (J=compiled Java code, j=interpreted, Vv=VM code, C=native code)


Current CompileTask:
C2:  53120 2596  s!   4       sun.misc.URLClassPath::getLoader (243 bytes)


---------------  P R O C E S S  ---------------

Java Threads: ( => current thread )
  0x000000001a215000 JavaThread "Thread-1" [_thread_blocked, id=85276, stack(0x000000001ce10000,0x000000001cf10000)]
  0x0000000018d96000 JavaThread "Service Thread" daemon [_thread_blocked, id=95592, stack(0x0000000019320000,0x0000000019420000)]
  0x0000000018d56000 JavaThread "C1 CompilerThread2" daemon [_thread_blocked, id=95504, stack(0x0000000019220000,0x0000000019320000)]
  0x0000000018d53800 JavaThread "C2 CompilerThread1" daemon [_thread_in_native, id=95720, stack(0x0000000019120000,0x0000000019220000)]
=>0x0000000018d50800 JavaThread "C2 CompilerThread0" daemon [_thread_in_native, id=93620, stack(0x0000000019020000,0x0000000019120000)]
  0x0000000018d43000 JavaThread "Attach Listener" daemon [_thread_blocked, id=88240, stack(0x0000000018f20000,0x0000000019020000)]
  0x0000000018ced800 JavaThread "Signal Dispatcher" daemon [_thread_blocked, id=90804, stack(0x0000000018e20000,0x0000000018f20000)]
  0x00000000175bc800 JavaThread "Finalizer" daemon [_thread_blocked, id=94332, stack(0x0000000018820000,0x0000000018920000)]
  0x00000000175b4000 JavaThread "Reference Handler" daemon [_thread_blocked, id=89572, stack(0x0000000018720000,0x0000000018820000)]
  0x0000000002887800 JavaThread "main" [_thread_in_Java, id=94416, stack(0x0000000002720000,0x0000000002820000)]

Other Threads:
  0x000000001758a000 VMThread [stack: 0x0000000018620000,0x0000000018720000] [id=88996]
  0x0000000018d96800 WatcherThread [stack: 0x0000000019c20000,0x0000000019d20000] [id=95100]

VM state:not at safepoint (normal execution)

VM Mutex/Monitor currently owned by a thread: None

heap address: 0x0000000080000000, size: 2048 MB, Compressed Oops mode: 32-bit
Narrow klass base: 0x0000000000000000, Narrow klass shift: 3
Compressed class space size: 1073741824 Address: 0x0000000100000000

Heap:
 PSYoungGen      total 164864K, used 159321K [0x00000000d5580000, 0x00000000e1f80000, 0x0000000100000000)
  eden space 161280K, 96% used [0x00000000d5580000,0x00000000dedf1970,0x00000000df300000)
  from space 3584K, 89% used [0x00000000e1c00000,0x00000000e1f24aa8,0x00000000e1f80000)
  to   space 7168K, 0% used [0x00000000e1180000,0x00000000e1180000,0x00000000e1880000)
 ParOldGen       total 34304K, used 9790K [0x0000000080000000, 0x0000000082180000, 0x00000000d5580000)
  object space 34304K, 28% used [0x0000000080000000,0x000000008098f8d0,0x0000000082180000)
 Metaspace       used 26973K, capacity 27396K, committed 27776K, reserved 1073152K
  class space    used 3177K, capacity 3333K, committed 3456K, reserved 1048576K

Card table byte_map: [0x0000000011d30000,0x0000000012140000] byte_map_base: 0x0000000011930000

Marking Bits: (ParMarkBitMap*) 0x0000000060391f00
 Begin Bits: [0x00000000127f0000, 0x00000000147f0000)
 End Bits:   [0x00000000147f0000, 0x00000000167f0000)

Polling page: 0x00000000026c0000

CodeCache: size=245760Kb used=10290Kb max_used=10290Kb free=235469Kb
 bounds [0x0000000002970000, 0x0000000003390000, 0x0000000011970000]
 total_blobs=3067 nmethods=2393 adapters=584
 compilation: enabled

Compilation events (10 events):
Event: 52.577 Thread 0x0000000018d56000 2591       3       java.lang.ProcessEnvironment::access$300 (4 bytes)
Event: 52.578 Thread 0x0000000018d56000 nmethod 2591 0x000000000337f110 code [0x000000000337f260, 0x000000000337f390]
Event: 52.751 Thread 0x0000000018d56000 2592       3       sun.security.jca.GetInstance::getInstance (29 bytes)
Event: 52.756 Thread 0x0000000018d56000 nmethod 2592 0x000000000337fe50 code [0x000000000337ffe0, 0x0000000003380498]
Event: 52.756 Thread 0x0000000018d56000 2593       3       sun.security.jca.GetInstance::checkSuperClass (68 bytes)
Event: 52.760 Thread 0x0000000018d56000 nmethod 2593 0x0000000003380690 code [0x00000000033808e0, 0x0000000003381828]
Event: 52.760 Thread 0x0000000018d56000 2594       3       sun.security.jca.GetInstance$Instance::<init> (7 bytes)
Event: 52.760 Thread 0x0000000018d56000 nmethod 2594 0x0000000003381e50 code [0x0000000003381fc0, 0x00000000033821f0]
Event: 53.024 Thread 0x0000000018d53800 2595  s    4       sun.misc.URLClassPath::getNextLoader (88 bytes)
Event: 53.025 Thread 0x0000000018d50800 2596  s!   4       sun.misc.URLClassPath::getLoader (243 bytes)

GC Heap History (10 events):
Event: 11.845 GC heap before
{Heap before GC invocations=7 (full 0):
 PSYoungGen      total 66048K, used 64278K [0x00000000d5580000, 0x00000000d9a80000, 0x0000000100000000)
  eden space 61440K, 100% used [0x00000000d5580000,0x00000000d9180000,0x00000000d9180000)
  from space 4608K, 61% used [0x00000000d9600000,0x00000000d98c5b18,0x00000000d9a80000)
  to   space 4608K, 0% used [0x00000000d9180000,0x00000000d9180000,0x00000000d9600000)
 ParOldGen       total 40960K, used 4057K [0x0000000080000000, 0x0000000082800000, 0x00000000d5580000)
  object space 40960K, 9% used [0x0000000080000000,0x00000000803f6748,0x0000000082800000)
 Metaspace       used 15220K, capacity 15404K, committed 15488K, reserved 1062912K
  class space    used 1558K, capacity 1641K, committed 1664K, reserved 1048576K
Event: 11.882 GC heap after
Heap after GC invocations=7 (full 0):
 PSYoungGen      total 66048K, used 4584K [0x00000000d5580000, 0x00000000dda80000, 0x0000000100000000)
  eden space 61440K, 0% used [0x00000000d5580000,0x00000000d5580000,0x00000000d9180000)
  from space 4608K, 99% used [0x00000000d9180000,0x00000000d95fa1c0,0x00000000d9600000)
  to   space 6656K, 0% used [0x00000000dd400000,0x00000000dd400000,0x00000000dda80000)
 ParOldGen       total 40960K, used 6492K [0x0000000080000000, 0x0000000082800000, 0x00000000d5580000)
  object space 40960K, 15% used [0x0000000080000000,0x0000000080657110,0x0000000082800000)
 Metaspace       used 15220K, capacity 15404K, committed 15488K, reserved 1062912K
  class space    used 1558K, capacity 1641K, committed 1664K, reserved 1048576K
}
Event: 15.427 GC heap before
{Heap before GC invocations=8 (full 0):
 PSYoungGen      total 66048K, used 66024K [0x00000000d5580000, 0x00000000dda80000, 0x0000000100000000)
  eden space 61440K, 100% used [0x00000000d5580000,0x00000000d9180000,0x00000000d9180000)
  from space 4608K, 99% used [0x00000000d9180000,0x00000000d95fa1c0,0x00000000d9600000)
  to   space 6656K, 0% used [0x00000000dd400000,0x00000000dd400000,0x00000000dda80000)
 ParOldGen       total 40960K, used 6492K [0x0000000080000000, 0x0000000082800000, 0x00000000d5580000)
  object space 40960K, 15% used [0x0000000080000000,0x0000000080657110,0x0000000082800000)
 Metaspace       used 19807K, capacity 20074K, committed 20352K, reserved 1067008K
  class space    used 2187K, capacity 2306K, committed 2432K, reserved 1048576K
Event: 15.551 GC heap after
Heap after GC invocations=8 (full 0):
 PSYoungGen      total 129024K, used 6379K [0x00000000d5580000, 0x00000000ddb80000, 0x0000000100000000)
  eden space 122368K, 0% used [0x00000000d5580000,0x00000000d5580000,0x00000000dcd00000)
  from space 6656K, 95% used [0x00000000dd400000,0x00000000dda3ae10,0x00000000dda80000)
  to   space 7168K, 0% used [0x00000000dcd00000,0x00000000dcd00000,0x00000000dd400000)
 ParOldGen       total 40960K, used 7676K [0x0000000080000000, 0x0000000082800000, 0x00000000d5580000)
  object space 40960K, 18% used [0x0000000080000000,0x000000008077f120,0x0000000082800000)
 Metaspace       used 19807K, capacity 20074K, committed 20352K, reserved 1067008K
  class space    used 2187K, capacity 2306K, committed 2432K, reserved 1048576K
}
Event: 16.411 GC heap before
{Heap before GC invocations=9 (full 0):
 PSYoungGen      total 129024K, used 33280K [0x00000000d5580000, 0x00000000ddb80000, 0x0000000100000000)
  eden space 122368K, 21% used [0x00000000d5580000,0x00000000d6fc5470,0x00000000dcd00000)
  from space 6656K, 95% used [0x00000000dd400000,0x00000000dda3ae10,0x00000000dda80000)
  to   space 7168K, 0% used [0x00000000dcd00000,0x00000000dcd00000,0x00000000dd400000)
 ParOldGen       total 40960K, used 7676K [0x0000000080000000, 0x0000000082800000, 0x00000000d5580000)
  object space 40960K, 18% used [0x0000000080000000,0x000000008077f120,0x0000000082800000)
 Metaspace       used 20852K, capacity 21136K, committed 21296K, reserved 1069056K
  class space    used 2302K, capacity 2425K, committed 2432K, reserved 1048576K
Event: 16.427 GC heap after
Heap after GC invocations=9 (full 0):
 PSYoungGen      total 129536K, used 4889K [0x00000000d5580000, 0x00000000e2300000, 0x0000000100000000)
  eden space 122368K, 0% used [0x00000000d5580000,0x00000000d5580000,0x00000000dcd00000)
  from space 7168K, 68% used [0x00000000dcd00000,0x00000000dd1c6438,0x00000000dd400000)
  to   space 7168K, 0% used [0x00000000e1c00000,0x00000000e1c00000,0x00000000e2300000)
 ParOldGen       total 40960K, used 8180K [0x0000000080000000, 0x0000000082800000, 0x00000000d5580000)
  object space 40960K, 19% used [0x0000000080000000,0x00000000807fd200,0x0000000082800000)
 Metaspace       used 20852K, capacity 21136K, committed 21296K, reserved 1069056K
  class space    used 2302K, capacity 2425K, committed 2432K, reserved 1048576K
}
Event: 16.427 GC heap before
{Heap before GC invocations=10 (full 1):
 PSYoungGen      total 129536K, used 4889K [0x00000000d5580000, 0x00000000e2300000, 0x0000000100000000)
  eden space 122368K, 0% used [0x00000000d5580000,0x00000000d5580000,0x00000000dcd00000)
  from space 7168K, 68% used [0x00000000dcd00000,0x00000000dd1c6438,0x00000000dd400000)
  to   space 7168K, 0% used [0x00000000e1c00000,0x00000000e1c00000,0x00000000e2300000)
 ParOldGen       total 40960K, used 8180K [0x0000000080000000, 0x0000000082800000, 0x00000000d5580000)
  object space 40960K, 19% used [0x0000000080000000,0x00000000807fd200,0x0000000082800000)
 Metaspace       used 20852K, capacity 21136K, committed 21296K, reserved 1069056K
  class space    used 2302K, capacity 2425K, committed 2432K, reserved 1048576K
Event: 16.653 GC heap after
Heap after GC invocations=10 (full 1):
 PSYoungGen      total 129536K, used 0K [0x00000000d5580000, 0x00000000e2300000, 0x0000000100000000)
  eden space 122368K, 0% used [0x00000000d5580000,0x00000000d5580000,0x00000000dcd00000)
  from space 7168K, 0% used [0x00000000dcd00000,0x00000000dcd00000,0x00000000dd400000)
  to   space 7168K, 0% used [0x00000000e1c00000,0x00000000e1c00000,0x00000000e2300000)
 ParOldGen       total 34304K, used 9782K [0x0000000080000000, 0x0000000082180000, 0x00000000d5580000)
  object space 34304K, 28% used [0x0000000080000000,0x000000008098d8d0,0x0000000082180000)
 Metaspace       used 20852K, capacity 21136K, committed 21296K, reserved 1069056K
  class space    used 2302K, capacity 2425K, committed 2432K, reserved 1048576K
}
Event: 20.603 GC heap before
{Heap before GC invocations=11 (full 1):
 PSYoungGen      total 129536K, used 122368K [0x00000000d5580000, 0x00000000e2300000, 0x0000000100000000)
  eden space 122368K, 100% used [0x00000000d5580000,0x00000000dcd00000,0x00000000dcd00000)
  from space 7168K, 0% used [0x00000000dcd00000,0x00000000dcd00000,0x00000000dd400000)
  to   space 7168K, 0% used [0x00000000e1c00000,0x00000000e1c00000,0x00000000e2300000)
 ParOldGen       total 34304K, used 9782K [0x0000000080000000, 0x0000000082180000, 0x00000000d5580000)
  object space 34304K, 28% used [0x0000000080000000,0x000000008098d8d0,0x0000000082180000)
 Metaspace       used 22355K, capacity 22720K, committed 23088K, reserved 1069056K
  class space    used 2450K, capacity 2582K, committed 2688K, reserved 1048576K
Event: 20.611 GC heap after
Heap after GC invocations=11 (full 1):
 PSYoungGen      total 164864K, used 3218K [0x00000000d5580000, 0x00000000e1f80000, 0x0000000100000000)
  eden space 161280K, 0% used [0x00000000d5580000,0x00000000d5580000,0x00000000df300000)
  from space 3584K, 89% used [0x00000000e1c00000,0x00000000e1f24aa8,0x00000000e1f80000)
  to   space 7168K, 0% used [0x00000000e1180000,0x00000000e1180000,0x00000000e1880000)
 ParOldGen       total 34304K, used 9790K [0x0000000080000000, 0x0000000082180000, 0x00000000d5580000)
  object space 34304K, 28% used [0x0000000080000000,0x000000008098f8d0,0x0000000082180000)
 Metaspace       used 22355K, capacity 22720K, committed 23088K, reserved 1069056K
  class space    used 2450K, capacity 2582K, committed 2688K, reserved 1048576K
}

Deoptimization events (10 events):
Event: 36.849 Thread 0x0000000002887800 Uncommon trap: reason=class_check action=maybe_recompile pc=0x0000000002d9a868 method=java.util.regex.Pattern$CharProperty.match(Ljava/util/regex/Matcher;ILjava/lang/CharSequence;)Z @ 37
Event: 36.849 Thread 0x0000000002887800 Uncommon trap: reason=class_check action=maybe_recompile pc=0x0000000002d9a868 method=java.util.regex.Pattern$CharProperty.match(Ljava/util/regex/Matcher;ILjava/lang/CharSequence;)Z @ 37
Event: 36.849 Thread 0x0000000002887800 Uncommon trap: reason=class_check action=maybe_recompile pc=0x0000000002d9a868 method=java.util.regex.Pattern$CharProperty.match(Ljava/util/regex/Matcher;ILjava/lang/CharSequence;)Z @ 37
Event: 36.851 Thread 0x0000000002887800 Uncommon trap: reason=class_check action=maybe_recompile pc=0x0000000002f90800 method=java.util.regex.Pattern$Curly.match0(Ljava/util/regex/Matcher;IILjava/lang/CharSequence;)Z @ 170
Event: 37.860 Thread 0x0000000002887800 Uncommon trap: reason=unstable_if action=reinterpret pc=0x0000000002b6276c method=java.io.WinNTFileSystem.normalize(Ljava/lang/String;)Ljava/lang/String; @ 128
Event: 43.487 Thread 0x0000000002887800 Uncommon trap: reason=bimorphic action=maybe_recompile pc=0x0000000002e207b8 method=java.util.HashMap.putVal(ILjava/lang/Object;Ljava/lang/Object;ZZ)Ljava/lang/Object; @ 253
Event: 43.494 Thread 0x0000000002887800 Uncommon trap: reason=bimorphic action=maybe_recompile pc=0x0000000002e207b8 method=java.util.HashMap.putVal(ILjava/lang/Object;Ljava/lang/Object;ZZ)Ljava/lang/Object; @ 253
Event: 53.008 Thread 0x0000000002887800 Uncommon trap: reason=bimorphic action=maybe_recompile pc=0x00000000032d9c24 method=java.net.URL.<init>(Ljava/net/URL;Ljava/lang/String;Ljava/net/URLStreamHandler;)V @ 504
Event: 53.010 Thread 0x0000000002887800 Uncommon trap: reason=unstable_if action=reinterpret pc=0x000000000335fb84 method=java.net.URLStreamHandler.parseURL(Ljava/net/URL;Ljava/lang/String;II)V @ 155
Event: 53.017 Thread 0x0000000002887800 Uncommon trap: reason=unstable_if action=reinterpret pc=0x0000000002c28b68 method=sun.net.util.IPAddressUtil.scan(Ljava/lang/String;JJ[C)I @ 14

Classes redefined (0 events):
No events

Internal exceptions (10 events):
Event: 39.435 Thread 0x0000000002887800 Exception <a 'java/lang/ClassNotFoundException': com/kms/katalon/core/constants/CoreConstantsBeanInfo> (0x00000000dc7f7648) thrown at [C:\jenkins\workspace\zulu8-silver-build-win64\zulu-src\hotspot\src\share\vm\classfile\systemDictionary.cpp, line 220]
Event: 39.535 Thread 0x0000000002887800 Exception <a 'java/lang/ClassNotFoundException': com/kms/katalon/core/constants/CoreConstantsCustomizer> (0x00000000dc8b54e8) thrown at [C:\jenkins\workspace\zulu8-silver-build-win64\zulu-src\hotspot\src\share\vm\classfile\systemDictionary.cpp, line 220]
Event: 41.431 Thread 0x0000000002887800 Exception <a 'java/lang/ClassNotFoundException': com/kms/katalon/core/mobile/keyword/builtin/StartApplicationKeywordBeanInfo> (0x00000000ddc5ef38) thrown at [C:\jenkins\workspace\zulu8-silver-build-win64\zulu-src\hotspot\src\share\vm\classfile\systemDicti
Event: 41.436 Thread 0x0000000002887800 Exception <a 'java/lang/ClassNotFoundException': com/kms/katalon/core/mobile/keyword/internal/MobileAbstractKeywordBeanInfo> (0x00000000ddd47b50) thrown at [C:\jenkins\workspace\zulu8-silver-build-win64\zulu-src\hotspot\src\share\vm\classfile\systemDictio
Event: 41.441 Thread 0x0000000002887800 Exception <a 'java/lang/ClassNotFoundException': com/kms/katalon/core/keyword/internal/AbstractKeywordBeanInfo> (0x00000000dde14210) thrown at [C:\jenkins\workspace\zulu8-silver-build-win64\zulu-src\hotspot\src\share\vm\classfile\systemDictionary.cpp, lin
Event: 41.454 Thread 0x0000000002887800 Exception <a 'java/lang/ClassNotFoundException': com/kms/katalon/core/keyword/internal/AbstractKeywordCustomizer> (0x00000000ddee5418) thrown at [C:\jenkins\workspace\zulu8-silver-build-win64\zulu-src\hotspot\src\share\vm\classfile\systemDictionary.cpp, l
Event: 41.466 Thread 0x0000000002887800 Exception <a 'java/lang/ClassNotFoundException': com/kms/katalon/core/mobile/keyword/internal/MobileAbstractKeywordCustomizer> (0x00000000ddfd8468) thrown at [C:\jenkins\workspace\zulu8-silver-build-win64\zulu-src\hotspot\src\share\vm\classfile\systemDict
Event: 41.705 Thread 0x0000000002887800 Exception <a 'java/lang/ClassNotFoundException': com/kms/katalon/core/mobile/keyword/builtin/StartApplicationKeywordCustomizer> (0x00000000de0cac90) thrown at [C:\jenkins\workspace\zulu8-silver-build-win64\zulu-src\hotspot\src\share\vm\classfile\systemDic
Event: 42.441 Thread 0x0000000002887800 Exception <a 'java/lang/ClassNotFoundException': com/kms/katalon/core/util/internal/PathUtilBeanInfo> (0x00000000de368910) thrown at [C:\jenkins\workspace\zulu8-silver-build-win64\zulu-src\hotspot\src\share\vm\classfile\systemDictionary.cpp, line 220]
Event: 42.467 Thread 0x0000000002887800 Exception <a 'java/lang/ClassNotFoundException': com/kms/katalon/core/util/internal/PathUtilCustomizer> (0x00000000de423d30) thrown at [C:\jenkins\workspace\zulu8-silver-build-win64\zulu-src\hotspot\src\share\vm\classfile\systemDictionary.cpp, line 220]

Events (10 events):
Event: 53.005 Executing VM operation: Deoptimize done
Event: 53.008 Thread 0x0000000002887800 Uncommon trap: trap_request=0xffffffc6 fr.pc=0x00000000032d9c24
Event: 53.008 Thread 0x0000000002887800 DEOPT PACKING pc=0x00000000032d9c24 sp=0x000000000281b460
Event: 53.008 Thread 0x0000000002887800 DEOPT UNPACKING pc=0x00000000029b567b sp=0x000000000281b428 mode 2
Event: 53.009 Thread 0x0000000002887800 Uncommon trap: trap_request=0xffffff65 fr.pc=0x000000000335fb84
Event: 53.011 Thread 0x0000000002887800 DEOPT PACKING pc=0x000000000335fb84 sp=0x000000000281b370
Event: 53.016 Thread 0x0000000002887800 DEOPT UNPACKING pc=0x00000000029b567b sp=0x000000000281b350 mode 2
Event: 53.016 Thread 0x0000000002887800 Uncommon trap: trap_request=0xffffff65 fr.pc=0x0000000002c28b68
Event: 53.017 Thread 0x0000000002887800 DEOPT PACKING pc=0x0000000002c28b68 sp=0x000000000281b2a0
Event: 53.018 Thread 0x0000000002887800 DEOPT UNPACKING pc=0x00000000029b567b sp=0x000000000281b178 mode 2


Dynamic libraries:
0x00007ff7eef40000 - 0x00007ff7eef75000 	C:\Users\User\Downloads\Katalon_Studio_Windows_64-8.2.5\Katalon_Studio_Windows_64-8.2.5\jre\bin\javaw.exe
0x00007ffa0bc20000 - 0x00007ffa0be29000 	C:\WINDOWS\SYSTEM32\ntdll.dll
0x00007ffa0a7b0000 - 0x00007ffa0a86d000 	C:\WINDOWS\System32\KERNEL32.DLL
0x00007ffa092d0000 - 0x00007ffa0964b000 	C:\WINDOWS\System32\KERNELBASE.dll
0x00007ffa0a960000 - 0x00007ffa0aa0e000 	C:\WINDOWS\System32\ADVAPI32.dll
0x00007ffa0a170000 - 0x00007ffa0a213000 	C:\WINDOWS\System32\msvcrt.dll
0x00007ffa09c30000 - 0x00007ffa09cce000 	C:\WINDOWS\System32\sechost.dll
0x00007ffa0aa10000 - 0x00007ffa0ab30000 	C:\WINDOWS\System32\RPCRT4.dll
0x00007ffa09f40000 - 0x00007ffa0a0ed000 	C:\WINDOWS\System32\USER32.dll
0x00007ffa09760000 - 0x00007ffa09786000 	C:\WINDOWS\System32\win32u.dll
0x00007ffa0a780000 - 0x00007ffa0a7a9000 	C:\WINDOWS\System32\GDI32.dll
0x00007ffa090f0000 - 0x00007ffa09208000 	C:\WINDOWS\System32\gdi32full.dll
0x00007ffa09650000 - 0x00007ffa096ed000 	C:\WINDOWS\System32\msvcp_win.dll
0x00007ffa09810000 - 0x00007ffa09921000 	C:\WINDOWS\System32\ucrtbase.dll
0x00007ff9f6600000 - 0x00007ff9f68a5000 	C:\WINDOWS\WinSxS\amd64_microsoft.windows.common-controls_6595b64144ccf1df_6.0.22000.120_none_9d947278b86cc467\COMCTL32.dll
0x00007ffa0b2f0000 - 0x00007ffa0b321000 	C:\WINDOWS\System32\IMM32.DLL
0x0000000061cb0000 - 0x0000000061d82000 	C:\Users\User\Downloads\Katalon_Studio_Windows_64-8.2.5\Katalon_Studio_Windows_64-8.2.5\jre\bin\msvcr100.dll
0x000000005fb50000 - 0x0000000060415000 	C:\Users\User\Downloads\Katalon_Studio_Windows_64-8.2.5\Katalon_Studio_Windows_64-8.2.5\jre\bin\server\jvm.dll
0x00007ffa09c20000 - 0x00007ffa09c28000 	C:\WINDOWS\System32\PSAPI.DLL
0x00007ff9fb4d0000 - 0x00007ff9fb4d9000 	C:\WINDOWS\SYSTEM32\WSOCK32.dll
0x00007ffa09e70000 - 0x00007ffa09edf000 	C:\WINDOWS\System32\WS2_32.dll
0x00007ffa03fc0000 - 0x00007ffa03fca000 	C:\WINDOWS\SYSTEM32\VERSION.dll
0x00007ffa047d0000 - 0x00007ffa04803000 	C:\WINDOWS\SYSTEM32\WINMM.dll
0x00007ffa00b90000 - 0x00007ffa00b9f000 	C:\Users\User\Downloads\Katalon_Studio_Windows_64-8.2.5\Katalon_Studio_Windows_64-8.2.5\jre\bin\verify.dll
0x00007ff9a4550000 - 0x00007ff9a4579000 	C:\Users\User\Downloads\Katalon_Studio_Windows_64-8.2.5\Katalon_Studio_Windows_64-8.2.5\jre\bin\java.dll
0x00007ff9fe540000 - 0x00007ff9fe556000 	C:\Users\User\Downloads\Katalon_Studio_Windows_64-8.2.5\Katalon_Studio_Windows_64-8.2.5\jre\bin\zip.dll
0x00007ffa0ab30000 - 0x00007ffa0b2e8000 	C:\WINDOWS\System32\SHELL32.dll
0x00007ffa071e0000 - 0x00007ffa07a45000 	C:\WINDOWS\SYSTEM32\windows.storage.dll
0x00007ffa0b760000 - 0x00007ffa0bad7000 	C:\WINDOWS\System32\combase.dll
0x00007ffa07070000 - 0x00007ffa071d6000 	C:\WINDOWS\SYSTEM32\wintypes.dll
0x00007ffa0baf0000 - 0x00007ffa0bbda000 	C:\WINDOWS\System32\SHCORE.dll
0x00007ffa09aa0000 - 0x00007ffa09afd000 	C:\WINDOWS\System32\shlwapi.dll
0x00007ffa09020000 - 0x00007ffa09041000 	C:\WINDOWS\SYSTEM32\profapi.dll
0x00007ff9ea9a0000 - 0x00007ff9ea9bb000 	C:\Users\User\Downloads\Katalon_Studio_Windows_64-8.2.5\Katalon_Studio_Windows_64-8.2.5\jre\bin\net.dll
0x00007ffa08610000 - 0x00007ffa08677000 	C:\WINDOWS\system32\mswsock.dll
0x00007ff9a4530000 - 0x00007ff9a4541000 	C:\Users\User\Downloads\Katalon_Studio_Windows_64-8.2.5\Katalon_Studio_Windows_64-8.2.5\jre\bin\nio.dll
0x00007ffa08850000 - 0x00007ffa08868000 	C:\WINDOWS\SYSTEM32\CRYPTSP.dll
0x00007ffa080d0000 - 0x00007ffa08105000 	C:\WINDOWS\system32\rsaenh.dll
0x00007ffa08700000 - 0x00007ffa08729000 	C:\WINDOWS\SYSTEM32\USERENV.dll
0x00007ffa089e0000 - 0x00007ffa08a07000 	C:\WINDOWS\SYSTEM32\bcrypt.dll
0x00007ffa09790000 - 0x00007ffa0980f000 	C:\WINDOWS\System32\bcryptprimitives.dll
0x00007ffa08870000 - 0x00007ffa0887c000 	C:\WINDOWS\SYSTEM32\CRYPTBASE.dll
0x00007ffa07ca0000 - 0x00007ffa07ccd000 	C:\WINDOWS\SYSTEM32\IPHLPAPI.DLL
0x00007ffa0b6c0000 - 0x00007ffa0b6c9000 	C:\WINDOWS\System32\NSI.dll
0x00007ffa03f80000 - 0x00007ffa03f99000 	C:\WINDOWS\SYSTEM32\dhcpcsvc6.DLL
0x00007ffa041f0000 - 0x00007ffa0420e000 	C:\WINDOWS\SYSTEM32\dhcpcsvc.DLL
0x00007ffa07cd0000 - 0x00007ffa07db8000 	C:\WINDOWS\SYSTEM32\DNSAPI.dll

VM Arguments:
jvm_args: -Dgroovy.home=C:\Users\User/.groovy -Djava.system.class.loader=groovy.lang.GroovyClassLoader -Xmx2048m -Dfile.encoding=UTF-8 
java_command: org.codehaus.groovy.tools.GroovyStarter --classpath C:\Users\User\Katalon Studio\Mobile_Mini_Project\bin\keyword;C:\Users\User\Katalon Studio\Mobile_Mini_Project\Keywords;C:\Users\User\Katalon Studio\Mobile_Mini_Project\bin\listener;C:\Users\User\Katalon Studio\Mobile_Mini_Project\Test Listeners;C:\Users\User\Katalon Studio\Mobile_Mini_Project\bin\lib;C:\Users\User\Katalon Studio\Mobile_Mini_Project\Libs;C:\Users\User\Katalon Studio\Mobile_Mini_Project\bin\groovy;C:\Users\User\Katalon Studio\Mobile_Mini_Project\Include\scripts\groovy;C:\Users\User\Downloads\Katalon_Studio_Windows_64-8.2.5\Katalon_Studio_Windows_64-8.2.5\plugins\com.kms.katalon.core_1.0.0.202204060445.jar;C:\Users\User\Downloads\Katalon_Studio_Windows_64-8.2.5\Katalon_Studio_Windows_64-8.2.5\configuration\resources\lib\aalto-xml-1.0.0.jar;C:\Users\User\Downloads\Katalon_Studio_Windows_64-8.2.5\Katalon_Studio_Windows_64-8.2.5\configuration\resources\lib\aspectjweaver-1.9.1.jar;C:\Users\User\Downloads\Katalon_Studio_Windows_64-8.2.5\Katalon_Studio_Windows_64-8.2.5\configuration\resources\lib\bcpkix-jdk15on-1.64.jar;C:\Users\User\Downloads\Katalon_Studio_Windows_64-8.2.5\Katalon_Studio_Windows_64-8.2.5\configuration\resources\lib\bcprov-jdk15on-1.64.jar;C:\Users\User\Downloads\Katalon_Studio_Windows_64-8.2.5\Katalon_Studio_Windows_64-8.2.5\configuration\resources\lib\browsermob-core-2.1.5.jar;C:\Users\User\Downloads\Katalon_Studio_Windows_64-8.2.5\Katalon_Studio_Windows_64-8.2.5\configuration\resources\lib\cglib-3.2.10.jar;C:\Users\User\Downloads\Katalon_Studio_Windows_64-8.2.5\Katalon_Studio_Windows_64-8.2.5\configuration\resources\lib\commons-codec-1.10.jar;C:\Users\User\Downloads\Katalon_Studio_Windows_64-8.2.5\Katalon_Studio_Windows_64-8.2.5\configuration\resources\lib\commons-collections4-4.1.jar;C:\Users\User\Downloads\Katalon_Studio_Windows_64-8.2.5\Katalon_Studio_Windows_64-8.2.5\configuration\resources\lib\commons-validator-1.6.jar;C:\Users\User\Downloads\Katalon_Studio_Windows_
java_class_path (initial): C:\Users\User\Katalon Studio\Mobile_Mini_Project\bin\keyword;C:\Users\User\Katalon Studio\Mobile_Mini_Project\bin\listener;C:\Users\User\Katalon Studio\Mobile_Mini_Project\bin\lib;C:\Users\User\Katalon Studio\Mobile_Mini_Project\bin\groovy;C:\Users\User\Katalon Studio\Mobile_Mini_Project\bin;C:\Users\User\Downloads\Katalon_Studio_Windows_64-8.2.5\Katalon_Studio_Windows_64-8.2.5\plugins\com.kms.katalon.core_1.0.0.202204060445.jar;C:\Users\User\Downloads\Katalon_Studio_Windows_64-8.2.5\Katalon_Studio_Windows_64-8.2.5\configuration\resources\lib\aalto-xml-1.0.0.jar;C:\Users\User\Downloads\Katalon_Studio_Windows_64-8.2.5\Katalon_Studio_Windows_64-8.2.5\configuration\resources\lib\aspectjweaver-1.9.1.jar;C:\Users\User\Downloads\Katalon_Studio_Windows_64-8.2.5\Katalon_Studio_Windows_64-8.2.5\configuration\resources\lib\bcpkix-jdk15on-1.64.jar;C:\Users\User\Downloads\Katalon_Studio_Windows_64-8.2.5\Katalon_Studio_Windows_64-8.2.5\configuration\resources\lib\bcprov-jdk15on-1.64.jar;C:\Users\User\Downloads\Katalon_Studio_Windows_64-8.2.5\Katalon_Studio_Windows_64-8.2.5\configuration\resources\lib\browsermob-core-2.1.5.jar;C:\Users\User\Downloads\Katalon_Studio_Windows_64-8.2.5\Katalon_Studio_Windows_64-8.2.5\configuration\resources\lib\cglib-3.2.10.jar;C:\Users\User\Downloads\Katalon_Studio_Windows_64-8.2.5\Katalon_Studio_Windows_64-8.2.5\configuration\resources\lib\commons-codec-1.10.jar;C:\Users\User\Downloads\Katalon_Studio_Windows_64-8.2.5\Katalon_Studio_Windows_64-8.2.5\configuration\resources\lib\commons-collections4-4.1.jar;C:\Users\User\Downloads\Katalon_Studio_Windows_64-8.2.5\Katalon_Studio_Windows_64-8.2.5\configuration\resources\lib\commons-validator-1.6.jar;C:\Users\User\Downloads\Katalon_Studio_Windows_64-8.2.5\Katalon_Studio_Windows_64-8.2.5\configuration\resources\lib\curvesapi-1.04.jar;C:\Users\User\Downloads\Katalon_Studio_Windows_64-8.2.5\Katalon_Studio_Windows_64-8.2.5\configuration\resources\lib\dnsjava-2.1.8.jar;C:\Users\Use
Launcher Type: SUN_STANDARD

Environment Variables:
JAVA_HOME=C:\Users\User\Downloads\Katalon_Studio_Windows_64-8.2.5\Katalon_Studio_Windows_64-8.2.5\jre
PATH=C:/Users/User/Downloads/Katalon_Studio_Windows_64-8.2.5/Katalon_Studio_Windows_64-8.2.5/jre/bin/server;C:/Users/User/Downloads/Katalon_Studio_Windows_64-8.2.5/Katalon_Studio_Windows_64-8.2.5/jre/bin;C:/Users/User/Downloads/Katalon_Studio_Windows_64-8.2.5/Katalon_Studio_Windows_64-8.2.5/jre/lib/amd64;C:\Program Files\Common Files\Oracle\Java\javapath;C:\Program Files (x86)\Common Files\Oracle\Java\javapath;C:\WINDOWS\system32;C:\WINDOWS;C:\WINDOWS\System32\Wbem;C:\WINDOWS\System32\WindowsPowerShell\v1.0\;C:\WINDOWS\System32\OpenSSH\;C:\Program Files (x86)\Microsoft SQL Server\80\Tools\Binn\;C:\Program Files\Microsoft SQL Server\110\Tools\Binn\;C:\Program Files (x86)\Common Files\AspenTech Shared\;C:\Program Files\Git\cmd;C:\Program Files\nodejs\;C:\Program Files\Java\jdk1.8.0_202;C:\Program Files\apache-maven-3.8.6\bin;C:\Program Files\apache-jmeter-5.5\apache-jmeter-5.5;C:\Program Files\Java\jdk-11.0.14\bin;C:\Users\User\AppData\Local\Android\Sdk\platform-tools;C:\Users\User\.katalon\tools\android_sdk\platform-tools;C:\Users\User\AppData\Local\Microsoft\WindowsApps;C:\Users\User\AppData\Local\GitHubDesktop\bin;D:\Microsoft VS Code\bin;C:\Users\User\AppData\Roaming\npm;C:\Users\User\Downloads\Katalon_Studio_Windows_64-8.2.5\Katalon_Studio_Windows_64-8.2.5;:C:\Users\User\Downloads\Katalon_Studio_Windows_64-8.2.5\Katalon_Studio_Windows_64-8.2.5\jre\bin
USERNAME=Dewi Putri Wulandari
OS=Windows_NT
PROCESSOR_IDENTIFIER=Intel64 Family 6 Model 126 Stepping 5, GenuineIntel



---------------  S Y S T E M  ---------------

OS: Windows 10.0 , 64 bit Build 22000 (10.0.22000.708)

CPU:total 4 (initial active 4) (2 cores per cpu, 2 threads per core) family 6 model 126 stepping 5, cmov, cx8, fxsr, mmx, sse, sse2, sse3, ssse3, sse4.1, sse4.2, popcnt, avx, avx2, aes, clmul, erms, 3dnowpref, lzcnt, ht, tsc, tscinvbit, bmi1, bmi2, adx

Memory: 4k page, physical 3930488k(37904k free), swap 15989112k(2888k free)

vm_info: OpenJDK 64-Bit Server VM (25.282-b08) for windows-amd64 JRE (Zulu 8.52.0.23-CA-win64) (1.8.0_282-b08), built on Jan 12 2021 07:45:49 by "tester" with MS VC++ 10.0 (VS2010)

time: Sat Nov 05 14:04:27 2022
timezone: SE Asia Standard Time
elapsed time: 53.153263 seconds (0d 0h 0m 53s)

